{
    "codegen": {
        "program_1": [
            {
                "input": "1000000000 0",
                "expected_output": "Enter the first number: Enter the second number: The sum is: 1000000000",
                "expected_error": "",
                "translated_output": "",
                "translated_error": "File \"C:\\Users\\Asus\\OneDrive\\Desktop\\project\\testbed\\translated\\codegen\\program_1.py\", line 5\n    print \"Usage: \" + sys.argv[0] + \" num1 num2\"\n          ^\nSyntaxError: Missing parentheses in call to 'print'. Did you mean print(\"Usage: \" + sys.argv[0] + \" num1 num2\")?"
            },
            {
                "input": "-1 1",
                "expected_output": "Enter the first number: Enter the second number: The sum is: 0",
                "expected_error": "",
                "translated_output": "",
                "translated_error": "File \"C:\\Users\\Asus\\OneDrive\\Desktop\\project\\testbed\\translated\\codegen\\program_1.py\", line 5\n    print \"Usage: \" + sys.argv[0] + \" num1 num2\"\n          ^\nSyntaxError: Missing parentheses in call to 'print'. Did you mean print(\"Usage: \" + sys.argv[0] + \" num1 num2\")?"
            },
            {
                "input": "-1 -1000000000",
                "expected_output": "Enter the first number: Enter the second number: The sum is: -1000000001",
                "expected_error": "",
                "translated_output": "",
                "translated_error": "File \"C:\\Users\\Asus\\OneDrive\\Desktop\\project\\testbed\\translated\\codegen\\program_1.py\", line 5\n    print \"Usage: \" + sys.argv[0] + \" num1 num2\"\n          ^\nSyntaxError: Missing parentheses in call to 'print'. Did you mean print(\"Usage: \" + sys.argv[0] + \" num1 num2\")?"
            },
            {
                "input": "1 1",
                "expected_output": "Enter the first number: Enter the second number: The sum is: 2",
                "expected_error": "",
                "translated_output": "",
                "translated_error": "File \"C:\\Users\\Asus\\OneDrive\\Desktop\\project\\testbed\\translated\\codegen\\program_1.py\", line 5\n    print \"Usage: \" + sys.argv[0] + \" num1 num2\"\n          ^\nSyntaxError: Missing parentheses in call to 'print'. Did you mean print(\"Usage: \" + sys.argv[0] + \" num1 num2\")?"
            },
            {
                "input": "1 1000000000",
                "expected_output": "Enter the first number: Enter the second number: The sum is: 1000000001",
                "expected_error": "",
                "translated_output": "",
                "translated_error": "File \"C:\\Users\\Asus\\OneDrive\\Desktop\\project\\testbed\\translated\\codegen\\program_1.py\", line 5\n    print \"Usage: \" + sys.argv[0] + \" num1 num2\"\n          ^\nSyntaxError: Missing parentheses in call to 'print'. Did you mean print(\"Usage: \" + sys.argv[0] + \" num1 num2\")?"
            },
            {
                "input": "-760306 37258",
                "expected_output": "Enter the first number: Enter the second number: The sum is: -723048",
                "expected_error": "",
                "translated_output": "",
                "translated_error": "File \"C:\\Users\\Asus\\OneDrive\\Desktop\\project\\testbed\\translated\\codegen\\program_1.py\", line 5\n    print \"Usage: \" + sys.argv[0] + \" num1 num2\"\n          ^\nSyntaxError: Missing parentheses in call to 'print'. Did you mean print(\"Usage: \" + sys.argv[0] + \" num1 num2\")?"
            },
            {
                "input": "-162986 434020",
                "expected_output": "Enter the first number: Enter the second number: The sum is: 271034",
                "expected_error": "",
                "translated_output": "",
                "translated_error": "File \"C:\\Users\\Asus\\OneDrive\\Desktop\\project\\testbed\\translated\\codegen\\program_1.py\", line 5\n    print \"Usage: \" + sys.argv[0] + \" num1 num2\"\n          ^\nSyntaxError: Missing parentheses in call to 'print'. Did you mean print(\"Usage: \" + sys.argv[0] + \" num1 num2\")?"
            },
            {
                "input": "89064 247488",
                "expected_output": "Enter the first number: Enter the second number: The sum is: 336552",
                "expected_error": "",
                "translated_output": "",
                "translated_error": "File \"C:\\Users\\Asus\\OneDrive\\Desktop\\project\\testbed\\translated\\codegen\\program_1.py\", line 5\n    print \"Usage: \" + sys.argv[0] + \" num1 num2\"\n          ^\nSyntaxError: Missing parentheses in call to 'print'. Did you mean print(\"Usage: \" + sys.argv[0] + \" num1 num2\")?"
            },
            {
                "input": "-103622 67510",
                "expected_output": "Enter the first number: Enter the second number: The sum is: -36112",
                "expected_error": "",
                "translated_output": "",
                "translated_error": "File \"C:\\Users\\Asus\\OneDrive\\Desktop\\project\\testbed\\translated\\codegen\\program_1.py\", line 5\n    print \"Usage: \" + sys.argv[0] + \" num1 num2\"\n          ^\nSyntaxError: Missing parentheses in call to 'print'. Did you mean print(\"Usage: \" + sys.argv[0] + \" num1 num2\")?"
            },
            {
                "input": "-605802 -202466",
                "expected_output": "Enter the first number: Enter the second number: The sum is: -808268",
                "expected_error": "",
                "translated_output": "",
                "translated_error": "File \"C:\\Users\\Asus\\OneDrive\\Desktop\\project\\testbed\\translated\\codegen\\program_1.py\", line 5\n    print \"Usage: \" + sys.argv[0] + \" num1 num2\"\n          ^\nSyntaxError: Missing parentheses in call to 'print'. Did you mean print(\"Usage: \" + sys.argv[0] + \" num1 num2\")?"
            }
        ],
        "program_10": [
            {
                "input": "abc 1234",
                "expected_output": "Enter a string: Enter the character to count:",
                "expected_error": "Exception in thread \"main\" java.util.NoSuchElementException: No line found\n\tat java.base/java.util.Scanner.nextLine(Scanner.java:1690)\n\tat CharacterCounter.main(CharacterCounter.java:10)",
                "translated_output": "",
                "translated_error": "File \"C:\\Users\\Asus\\OneDrive\\Desktop\\project\\testbed\\translated\\codegen\\program_10.py\", line 8\n    String text = scanner.nextLine();\n           ^\nSyntaxError: invalid syntax"
            },
            {
                "input": "xxxxxxxxxxxxxxxxxxxxxxxxxxxxxxxxxxxxxxxxxxxxxxxxxxxxxxxxxxxxxxxxxxxxxxxxxxxxxxxxxxxxxxxxxxxxxxxxxxxx",
                "expected_output": "Enter a string: Enter the character to count:",
                "expected_error": "Exception in thread \"main\" java.util.NoSuchElementException: No line found\n\tat java.base/java.util.Scanner.nextLine(Scanner.java:1690)\n\tat CharacterCounter.main(CharacterCounter.java:10)",
                "translated_output": "",
                "translated_error": "File \"C:\\Users\\Asus\\OneDrive\\Desktop\\project\\testbed\\translated\\codegen\\program_10.py\", line 8\n    String text = scanner.nextLine();\n           ^\nSyntaxError: invalid syntax"
            },
            {
                "input": "a",
                "expected_output": "Enter a string: Enter the character to count:",
                "expected_error": "Exception in thread \"main\" java.util.NoSuchElementException: No line found\n\tat java.base/java.util.Scanner.nextLine(Scanner.java:1690)\n\tat CharacterCounter.main(CharacterCounter.java:10)",
                "translated_output": "",
                "translated_error": "File \"C:\\Users\\Asus\\OneDrive\\Desktop\\project\\testbed\\translated\\codegen\\program_10.py\", line 8\n    String text = scanner.nextLine();\n           ^\nSyntaxError: invalid syntax"
            },
            {
                "input": "xxxxxxxxxxxxxxxxxxxxxxxxxxxxxxxxxxxxxxxxxxxxxxxxxxxxxxxxxxxxxxxxxxxxxxxxxxxxxxxxxxxxxxxxxxxxxxxxxxxx a",
                "expected_output": "Enter a string: Enter the character to count:",
                "expected_error": "Exception in thread \"main\" java.util.NoSuchElementException: No line found\n\tat java.base/java.util.Scanner.nextLine(Scanner.java:1690)\n\tat CharacterCounter.main(CharacterCounter.java:10)",
                "translated_output": "",
                "translated_error": "File \"C:\\Users\\Asus\\OneDrive\\Desktop\\project\\testbed\\translated\\codegen\\program_10.py\", line 8\n    String text = scanner.nextLine();\n           ^\nSyntaxError: invalid syntax"
            },
            {
                "input": "xxxxxxxxxxxxxxxxxxxxxxxxxxxxxxxxxxxxxxxxxxxxxxxxxxxxxxxxxxxxxxxxxxxxxxxxxxxxxxxxxxxxxxxxxxxxxxxxxxxx xxxxxxxxxxxxxxxxxxxxxxxxxxxxxxxxxxxxxxxxxxxxxxxxxxxxxxxxxxxxxxxxxxxxxxxxxxxxxxxxxxxxxxxxxxxxxxxxxxxx",
                "expected_output": "Enter a string: Enter the character to count:",
                "expected_error": "Exception in thread \"main\" java.util.NoSuchElementException: No line found\n\tat java.base/java.util.Scanner.nextLine(Scanner.java:1690)\n\tat CharacterCounter.main(CharacterCounter.java:10)",
                "translated_output": "",
                "translated_error": "File \"C:\\Users\\Asus\\OneDrive\\Desktop\\project\\testbed\\translated\\codegen\\program_10.py\", line 8\n    String text = scanner.nextLine();\n           ^\nSyntaxError: invalid syntax"
            },
            {
                "input": "str3615 str4740",
                "expected_output": "Enter a string: Enter the character to count:",
                "expected_error": "Exception in thread \"main\" java.util.NoSuchElementException: No line found\n\tat java.base/java.util.Scanner.nextLine(Scanner.java:1690)\n\tat CharacterCounter.main(CharacterCounter.java:10)",
                "translated_output": "",
                "translated_error": "File \"C:\\Users\\Asus\\OneDrive\\Desktop\\project\\testbed\\translated\\codegen\\program_10.py\", line 8\n    String text = scanner.nextLine();\n           ^\nSyntaxError: invalid syntax"
            },
            {
                "input": "str1122 str4142",
                "expected_output": "Enter a string: Enter the character to count:",
                "expected_error": "Exception in thread \"main\" java.util.NoSuchElementException: No line found\n\tat java.base/java.util.Scanner.nextLine(Scanner.java:1690)\n\tat CharacterCounter.main(CharacterCounter.java:10)",
                "translated_output": "",
                "translated_error": "File \"C:\\Users\\Asus\\OneDrive\\Desktop\\project\\testbed\\translated\\codegen\\program_10.py\", line 8\n    String text = scanner.nextLine();\n           ^\nSyntaxError: invalid syntax"
            },
            {
                "input": "str2509 str6593",
                "expected_output": "Enter a string: Enter the character to count:",
                "expected_error": "Exception in thread \"main\" java.util.NoSuchElementException: No line found\n\tat java.base/java.util.Scanner.nextLine(Scanner.java:1690)\n\tat CharacterCounter.main(CharacterCounter.java:10)",
                "translated_output": "",
                "translated_error": "File \"C:\\Users\\Asus\\OneDrive\\Desktop\\project\\testbed\\translated\\codegen\\program_10.py\", line 8\n    String text = scanner.nextLine();\n           ^\nSyntaxError: invalid syntax"
            },
            {
                "input": "str3887 str7907",
                "expected_output": "Enter a string: Enter the character to count:",
                "expected_error": "Exception in thread \"main\" java.util.NoSuchElementException: No line found\n\tat java.base/java.util.Scanner.nextLine(Scanner.java:1690)\n\tat CharacterCounter.main(CharacterCounter.java:10)",
                "translated_output": "",
                "translated_error": "File \"C:\\Users\\Asus\\OneDrive\\Desktop\\project\\testbed\\translated\\codegen\\program_10.py\", line 8\n    String text = scanner.nextLine();\n           ^\nSyntaxError: invalid syntax"
            },
            {
                "input": "str5303 str4651",
                "expected_output": "Enter a string: Enter the character to count:",
                "expected_error": "Exception in thread \"main\" java.util.NoSuchElementException: No line found\n\tat java.base/java.util.Scanner.nextLine(Scanner.java:1690)\n\tat CharacterCounter.main(CharacterCounter.java:10)",
                "translated_output": "",
                "translated_error": "File \"C:\\Users\\Asus\\OneDrive\\Desktop\\project\\testbed\\translated\\codegen\\program_10.py\", line 8\n    String text = scanner.nextLine();\n           ^\nSyntaxError: invalid syntax"
            }
        ],
        "program_2": [
            {
                "input": "1",
                "expected_output": "Enter an integer: 1 is an ODD number.",
                "expected_error": "",
                "translated_output": "1",
                "translated_error": ""
            },
            {
                "input": "-1000000000",
                "expected_output": "Enter an integer: -1000000000 is an EVEN number.",
                "expected_error": "",
                "translated_output": "-1000000000",
                "translated_error": ""
            },
            {
                "input": "-1000000000",
                "expected_output": "Enter an integer: -1000000000 is an EVEN number.",
                "expected_error": "",
                "translated_output": "-1000000000",
                "translated_error": ""
            },
            {
                "input": "-1",
                "expected_output": "Enter an integer: -1 is an ODD number.",
                "expected_error": "",
                "translated_output": "-1",
                "translated_error": ""
            },
            {
                "input": "1000000000",
                "expected_output": "Enter an integer: 1000000000 is an EVEN number.",
                "expected_error": "",
                "translated_output": "1000000000",
                "translated_error": ""
            },
            {
                "input": "-12646",
                "expected_output": "Enter an integer: -12646 is an EVEN number.",
                "expected_error": "",
                "translated_output": "-12646",
                "translated_error": ""
            },
            {
                "input": "327348",
                "expected_output": "Enter an integer: 327348 is an EVEN number.",
                "expected_error": "",
                "translated_output": "327348",
                "translated_error": ""
            },
            {
                "input": "-12424",
                "expected_output": "Enter an integer: -12424 is an EVEN number.",
                "expected_error": "",
                "translated_output": "-12424",
                "translated_error": ""
            },
            {
                "input": "907686",
                "expected_output": "Enter an integer: 907686 is an EVEN number.",
                "expected_error": "",
                "translated_output": "907686",
                "translated_error": ""
            },
            {
                "input": "-299168",
                "expected_output": "Enter an integer: -299168 is an EVEN number.",
                "expected_error": "",
                "translated_output": "-299168",
                "translated_error": ""
            }
        ],
        "program_3": [
            {
                "input": "-1000000000.0",
                "expected_output": "Enter the radius of the circle: The area of the circle is: 3.1415926535897933E18",
                "expected_error": "",
                "translated_output": "",
                "translated_error": "File \"C:\\Users\\Asus\\OneDrive\\Desktop\\project\\testbed\\translated\\codegen\\program_3.py\", line 5\n    print \"Usage: \" + sys.argv[0] + \" radius\"\n          ^\nSyntaxError: Missing parentheses in call to 'print'. Did you mean print(\"Usage: \" + sys.argv[0] + \" radius\")?"
            },
            {
                "input": "1000000000.0",
                "expected_output": "Enter the radius of the circle: The area of the circle is: 3.1415926535897933E18",
                "expected_error": "",
                "translated_output": "",
                "translated_error": "File \"C:\\Users\\Asus\\OneDrive\\Desktop\\project\\testbed\\translated\\codegen\\program_3.py\", line 5\n    print \"Usage: \" + sys.argv[0] + \" radius\"\n          ^\nSyntaxError: Missing parentheses in call to 'print'. Did you mean print(\"Usage: \" + sys.argv[0] + \" radius\")?"
            },
            {
                "input": "-1.0",
                "expected_output": "Enter the radius of the circle: The area of the circle is: 3.141592653589793",
                "expected_error": "",
                "translated_output": "",
                "translated_error": "File \"C:\\Users\\Asus\\OneDrive\\Desktop\\project\\testbed\\translated\\codegen\\program_3.py\", line 5\n    print \"Usage: \" + sys.argv[0] + \" radius\"\n          ^\nSyntaxError: Missing parentheses in call to 'print'. Did you mean print(\"Usage: \" + sys.argv[0] + \" radius\")?"
            },
            {
                "input": "0.0",
                "expected_output": "Enter the radius of the circle: The area of the circle is: 0.0",
                "expected_error": "",
                "translated_output": "",
                "translated_error": "File \"C:\\Users\\Asus\\OneDrive\\Desktop\\project\\testbed\\translated\\codegen\\program_3.py\", line 5\n    print \"Usage: \" + sys.argv[0] + \" radius\"\n          ^\nSyntaxError: Missing parentheses in call to 'print'. Did you mean print(\"Usage: \" + sys.argv[0] + \" radius\")?"
            },
            {
                "input": "-1000000000.0",
                "expected_output": "Enter the radius of the circle: The area of the circle is: 3.1415926535897933E18",
                "expected_error": "",
                "translated_output": "",
                "translated_error": "File \"C:\\Users\\Asus\\OneDrive\\Desktop\\project\\testbed\\translated\\codegen\\program_3.py\", line 5\n    print \"Usage: \" + sys.argv[0] + \" radius\"\n          ^\nSyntaxError: Missing parentheses in call to 'print'. Did you mean print(\"Usage: \" + sys.argv[0] + \" radius\")?"
            },
            {
                "input": "161414.7552",
                "expected_output": "Enter the radius of the circle: The area of the circle is: 8.185332698473604E10",
                "expected_error": "",
                "translated_output": "",
                "translated_error": "File \"C:\\Users\\Asus\\OneDrive\\Desktop\\project\\testbed\\translated\\codegen\\program_3.py\", line 5\n    print \"Usage: \" + sys.argv[0] + \" radius\"\n          ^\nSyntaxError: Missing parentheses in call to 'print'. Did you mean print(\"Usage: \" + sys.argv[0] + \" radius\")?"
            },
            {
                "input": "-44084.0149",
                "expected_output": "Enter the radius of the circle: The area of the circle is: 6.105372324443959E9",
                "expected_error": "",
                "translated_output": "",
                "translated_error": "File \"C:\\Users\\Asus\\OneDrive\\Desktop\\project\\testbed\\translated\\codegen\\program_3.py\", line 5\n    print \"Usage: \" + sys.argv[0] + \" radius\"\n          ^\nSyntaxError: Missing parentheses in call to 'print'. Did you mean print(\"Usage: \" + sys.argv[0] + \" radius\")?"
            },
            {
                "input": "762011.8528",
                "expected_output": "Enter the radius of the circle: The area of the circle is: 1.824203673876523E12",
                "expected_error": "",
                "translated_output": "",
                "translated_error": "File \"C:\\Users\\Asus\\OneDrive\\Desktop\\project\\testbed\\translated\\codegen\\program_3.py\", line 5\n    print \"Usage: \" + sys.argv[0] + \" radius\"\n          ^\nSyntaxError: Missing parentheses in call to 'print'. Did you mean print(\"Usage: \" + sys.argv[0] + \" radius\")?"
            },
            {
                "input": "-278715.0089",
                "expected_output": "Enter the radius of the circle: The area of the circle is: 2.440453770300864E11",
                "expected_error": "",
                "translated_output": "",
                "translated_error": "File \"C:\\Users\\Asus\\OneDrive\\Desktop\\project\\testbed\\translated\\codegen\\program_3.py\", line 5\n    print \"Usage: \" + sys.argv[0] + \" radius\"\n          ^\nSyntaxError: Missing parentheses in call to 'print'. Did you mean print(\"Usage: \" + sys.argv[0] + \" radius\")?"
            },
            {
                "input": "-216182.6964",
                "expected_output": "Enter the radius of the circle: The area of the circle is: 1.4682220141849448E11",
                "expected_error": "",
                "translated_output": "",
                "translated_error": "File \"C:\\Users\\Asus\\OneDrive\\Desktop\\project\\testbed\\translated\\codegen\\program_3.py\", line 5\n    print \"Usage: \" + sys.argv[0] + \" radius\"\n          ^\nSyntaxError: Missing parentheses in call to 'print'. Did you mean print(\"Usage: \" + sys.argv[0] + \" radius\")?"
            }
        ],
        "program_4": [
            {
                "input": "-1000000000.0 1000000000.0 -1000000000.0",
                "expected_output": "Enter Principal amount: Enter Rate of interest: Enter Time (in years): Simple Interest is: 1.0E25",
                "expected_error": "",
                "translated_output": "",
                "translated_error": "File \"C:\\Users\\Asus\\OneDrive\\Desktop\\project\\testbed\\translated\\codegen\\program_4.py\", line 5\n    print \"Usage: \" + sys.argv[0] + \" <Principal amount> <Rate of interest> <Time (in years)>\"\n          ^\nSyntaxError: invalid syntax"
            },
            {
                "input": "1.0 -1000000000.0 1.0",
                "expected_output": "Enter Principal amount: Enter Rate of interest: Enter Time (in years): Simple Interest is: -1.0E7",
                "expected_error": "",
                "translated_output": "",
                "translated_error": "File \"C:\\Users\\Asus\\OneDrive\\Desktop\\project\\testbed\\translated\\codegen\\program_4.py\", line 5\n    print \"Usage: \" + sys.argv[0] + \" <Principal amount> <Rate of interest> <Time (in years)>\"\n          ^\nSyntaxError: invalid syntax"
            },
            {
                "input": "1.0 0.0 1000000000.0",
                "expected_output": "Enter Principal amount: Enter Rate of interest: Enter Time (in years): Simple Interest is: 0.0",
                "expected_error": "",
                "translated_output": "",
                "translated_error": "File \"C:\\Users\\Asus\\OneDrive\\Desktop\\project\\testbed\\translated\\codegen\\program_4.py\", line 5\n    print \"Usage: \" + sys.argv[0] + \" <Principal amount> <Rate of interest> <Time (in years)>\"\n          ^\nSyntaxError: invalid syntax"
            },
            {
                "input": "-1.0 -1000000000.0 -1.0",
                "expected_output": "Enter Principal amount: Enter Rate of interest: Enter Time (in years): Simple Interest is: -1.0E7",
                "expected_error": "",
                "translated_output": "",
                "translated_error": "File \"C:\\Users\\Asus\\OneDrive\\Desktop\\project\\testbed\\translated\\codegen\\program_4.py\", line 5\n    print \"Usage: \" + sys.argv[0] + \" <Principal amount> <Rate of interest> <Time (in years)>\"\n          ^\nSyntaxError: invalid syntax"
            },
            {
                "input": "1000000000.0 -1.0 0.0",
                "expected_output": "Enter Principal amount: Enter Rate of interest: Enter Time (in years): Simple Interest is: -0.0",
                "expected_error": "",
                "translated_output": "",
                "translated_error": "File \"C:\\Users\\Asus\\OneDrive\\Desktop\\project\\testbed\\translated\\codegen\\program_4.py\", line 5\n    print \"Usage: \" + sys.argv[0] + \" <Principal amount> <Rate of interest> <Time (in years)>\"\n          ^\nSyntaxError: invalid syntax"
            },
            {
                "input": "519802.5768 180059.2521 -465722.993",
                "expected_output": "Enter Principal amount: Enter Rate of interest: Enter Time (in years): Simple Interest is: -4.358946611663124E14",
                "expected_error": "",
                "translated_output": "",
                "translated_error": "File \"C:\\Users\\Asus\\OneDrive\\Desktop\\project\\testbed\\translated\\codegen\\program_4.py\", line 5\n    print \"Usage: \" + sys.argv[0] + \" <Principal amount> <Rate of interest> <Time (in years)>\"\n          ^\nSyntaxError: invalid syntax"
            },
            {
                "input": "669800.5766 -42630.9331 616746.7067",
                "expected_output": "Enter Principal amount: Enter Rate of interest: Enter Time (in years): Simple Interest is: -1.7610723350021678E14",
                "expected_error": "",
                "translated_output": "",
                "translated_error": "File \"C:\\Users\\Asus\\OneDrive\\Desktop\\project\\testbed\\translated\\codegen\\program_4.py\", line 5\n    print \"Usage: \" + sys.argv[0] + \" <Principal amount> <Rate of interest> <Time (in years)>\"\n          ^\nSyntaxError: invalid syntax"
            },
            {
                "input": "-527614.344 -671601.8822 -837396.7854",
                "expected_output": "Enter Principal amount: Enter Rate of interest: Enter Time (in years): Simple Interest is: -2.967288599370436E15",
                "expected_error": "",
                "translated_output": "",
                "translated_error": "File \"C:\\Users\\Asus\\OneDrive\\Desktop\\project\\testbed\\translated\\codegen\\program_4.py\", line 5\n    print \"Usage: \" + sys.argv[0] + \" <Principal amount> <Rate of interest> <Time (in years)>\"\n          ^\nSyntaxError: invalid syntax"
            },
            {
                "input": "-892286.8852 -991778.3858 243108.6044",
                "expected_output": "Enter Principal amount: Enter Rate of interest: Enter Time (in years): Simple Interest is: 2.1513916529755488E15",
                "expected_error": "",
                "translated_output": "",
                "translated_error": "File \"C:\\Users\\Asus\\OneDrive\\Desktop\\project\\testbed\\translated\\codegen\\program_4.py\", line 5\n    print \"Usage: \" + sys.argv[0] + \" <Principal amount> <Rate of interest> <Time (in years)>\"\n          ^\nSyntaxError: invalid syntax"
            },
            {
                "input": "-960486.744 -707214.0902 -888419.777",
                "expected_output": "Enter Principal amount: Enter Rate of interest: Enter Time (in years): Simple Interest is: -6.034766876422656E15",
                "expected_error": "",
                "translated_output": "",
                "translated_error": "File \"C:\\Users\\Asus\\OneDrive\\Desktop\\project\\testbed\\translated\\codegen\\program_4.py\", line 5\n    print \"Usage: \" + sys.argv[0] + \" <Principal amount> <Rate of interest> <Time (in years)>\"\n          ^\nSyntaxError: invalid syntax"
            }
        ],
        "program_5": [
            {
                "input": "",
                "expected_output": "Enter a word or phrase: '' is a Palindrome.",
                "expected_error": "",
                "translated_output": "",
                "translated_error": "File \"C:\\Users\\Asus\\OneDrive\\Desktop\\project\\testbed\\translated\\codegen\\program_5.py\", line 5\n    print \"Usage: \" + sys.argv[0] + \" <infile> <outfile>\"\n          ^\nSyntaxError: Missing parentheses in call to 'print'. Did you mean print(\"Usage: \" + sys.argv[0] + \" <infile> <outfile>\")?"
            },
            {
                "input": "1234",
                "expected_output": "Enter a word or phrase: '1234' is NOT a Palindrome.",
                "expected_error": "",
                "translated_output": "",
                "translated_error": "File \"C:\\Users\\Asus\\OneDrive\\Desktop\\project\\testbed\\translated\\codegen\\program_5.py\", line 5\n    print \"Usage: \" + sys.argv[0] + \" <infile> <outfile>\"\n          ^\nSyntaxError: Missing parentheses in call to 'print'. Did you mean print(\"Usage: \" + sys.argv[0] + \" <infile> <outfile>\")?"
            },
            {
                "input": "1234",
                "expected_output": "Enter a word or phrase: '1234' is NOT a Palindrome.",
                "expected_error": "",
                "translated_output": "",
                "translated_error": "File \"C:\\Users\\Asus\\OneDrive\\Desktop\\project\\testbed\\translated\\codegen\\program_5.py\", line 5\n    print \"Usage: \" + sys.argv[0] + \" <infile> <outfile>\"\n          ^\nSyntaxError: Missing parentheses in call to 'print'. Did you mean print(\"Usage: \" + sys.argv[0] + \" <infile> <outfile>\")?"
            },
            {
                "input": "abc",
                "expected_output": "Enter a word or phrase: 'abc' is NOT a Palindrome.",
                "expected_error": "",
                "translated_output": "",
                "translated_error": "File \"C:\\Users\\Asus\\OneDrive\\Desktop\\project\\testbed\\translated\\codegen\\program_5.py\", line 5\n    print \"Usage: \" + sys.argv[0] + \" <infile> <outfile>\"\n          ^\nSyntaxError: Missing parentheses in call to 'print'. Did you mean print(\"Usage: \" + sys.argv[0] + \" <infile> <outfile>\")?"
            },
            {
                "input": "xxxxxxxxxxxxxxxxxxxxxxxxxxxxxxxxxxxxxxxxxxxxxxxxxxxxxxxxxxxxxxxxxxxxxxxxxxxxxxxxxxxxxxxxxxxxxxxxxxxx",
                "expected_output": "Enter a word or phrase: 'xxxxxxxxxxxxxxxxxxxxxxxxxxxxxxxxxxxxxxxxxxxxxxxxxxxxxxxxxxxxxxxxxxxxxxxxxxxxxxxxxxxxxxxxxxxxxxxxxxxx' is a Palindrome.",
                "expected_error": "",
                "translated_output": "",
                "translated_error": "File \"C:\\Users\\Asus\\OneDrive\\Desktop\\project\\testbed\\translated\\codegen\\program_5.py\", line 5\n    print \"Usage: \" + sys.argv[0] + \" <infile> <outfile>\"\n          ^\nSyntaxError: Missing parentheses in call to 'print'. Did you mean print(\"Usage: \" + sys.argv[0] + \" <infile> <outfile>\")?"
            },
            {
                "input": "str8753",
                "expected_output": "Enter a word or phrase: 'str8753' is NOT a Palindrome.",
                "expected_error": "",
                "translated_output": "",
                "translated_error": "File \"C:\\Users\\Asus\\OneDrive\\Desktop\\project\\testbed\\translated\\codegen\\program_5.py\", line 5\n    print \"Usage: \" + sys.argv[0] + \" <infile> <outfile>\"\n          ^\nSyntaxError: Missing parentheses in call to 'print'. Did you mean print(\"Usage: \" + sys.argv[0] + \" <infile> <outfile>\")?"
            },
            {
                "input": "str9779",
                "expected_output": "Enter a word or phrase: 'str9779' is NOT a Palindrome.",
                "expected_error": "",
                "translated_output": "",
                "translated_error": "File \"C:\\Users\\Asus\\OneDrive\\Desktop\\project\\testbed\\translated\\codegen\\program_5.py\", line 5\n    print \"Usage: \" + sys.argv[0] + \" <infile> <outfile>\"\n          ^\nSyntaxError: Missing parentheses in call to 'print'. Did you mean print(\"Usage: \" + sys.argv[0] + \" <infile> <outfile>\")?"
            },
            {
                "input": "str7275",
                "expected_output": "Enter a word or phrase: 'str7275' is NOT a Palindrome.",
                "expected_error": "",
                "translated_output": "",
                "translated_error": "File \"C:\\Users\\Asus\\OneDrive\\Desktop\\project\\testbed\\translated\\codegen\\program_5.py\", line 5\n    print \"Usage: \" + sys.argv[0] + \" <infile> <outfile>\"\n          ^\nSyntaxError: Missing parentheses in call to 'print'. Did you mean print(\"Usage: \" + sys.argv[0] + \" <infile> <outfile>\")?"
            },
            {
                "input": "str2794",
                "expected_output": "Enter a word or phrase: 'str2794' is NOT a Palindrome.",
                "expected_error": "",
                "translated_output": "",
                "translated_error": "File \"C:\\Users\\Asus\\OneDrive\\Desktop\\project\\testbed\\translated\\codegen\\program_5.py\", line 5\n    print \"Usage: \" + sys.argv[0] + \" <infile> <outfile>\"\n          ^\nSyntaxError: Missing parentheses in call to 'print'. Did you mean print(\"Usage: \" + sys.argv[0] + \" <infile> <outfile>\")?"
            },
            {
                "input": "str7239",
                "expected_output": "Enter a word or phrase: 'str7239' is NOT a Palindrome.",
                "expected_error": "",
                "translated_output": "",
                "translated_error": "File \"C:\\Users\\Asus\\OneDrive\\Desktop\\project\\testbed\\translated\\codegen\\program_5.py\", line 5\n    print \"Usage: \" + sys.argv[0] + \" <infile> <outfile>\"\n          ^\nSyntaxError: Missing parentheses in call to 'print'. Did you mean print(\"Usage: \" + sys.argv[0] + \" <infile> <outfile>\")?"
            }
        ],
        "program_6": [
            {
                "input": "1",
                "expected_output": "Enter an integer to see its multiplication table: --- Table of 1 ---\n1 x 1 = 1\n1 x 2 = 2\n1 x 3 = 3\n1 x 4 = 4\n1 x 5 = 5\n1 x 6 = 6\n1 x 7 = 7\n1 x 8 = 8\n1 x 9 = 9\n1 x 10 = 10",
                "expected_error": "",
                "translated_output": "",
                "translated_error": "Traceback (most recent call last):\n  File \"C:\\Users\\Asus\\OneDrive\\Desktop\\project\\testbed\\translated\\codegen\\program_6.py\", line 9, in <module>\n    print(\"--- Table of \" + N + \" ---\");\nTypeError: can only concatenate str (not \"int\") to str"
            },
            {
                "input": "1000000000",
                "expected_output": "Enter an integer to see its multiplication table: --- Table of 1000000000 ---\n1000000000 x 1 = 1000000000\n1000000000 x 2 = 2000000000\n1000000000 x 3 = -1294967296\n1000000000 x 4 = -294967296\n1000000000 x 5 = 705032704\n1000000000 x 6 = 1705032704\n1000000000 x 7 = -1589934592\n1000000000 x 8 = -589934592\n1000000000 x 9 = 410065408\n1000000000 x 10 = 1410065408",
                "expected_error": "",
                "translated_output": "",
                "translated_error": "Traceback (most recent call last):\n  File \"C:\\Users\\Asus\\OneDrive\\Desktop\\project\\testbed\\translated\\codegen\\program_6.py\", line 9, in <module>\n    print(\"--- Table of \" + N + \" ---\");\nTypeError: can only concatenate str (not \"int\") to str"
            },
            {
                "input": "0",
                "expected_output": "Enter an integer to see its multiplication table: --- Table of 0 ---\n0 x 1 = 0\n0 x 2 = 0\n0 x 3 = 0\n0 x 4 = 0\n0 x 5 = 0\n0 x 6 = 0\n0 x 7 = 0\n0 x 8 = 0\n0 x 9 = 0\n0 x 10 = 0",
                "expected_error": "",
                "translated_output": "",
                "translated_error": "Traceback (most recent call last):\n  File \"C:\\Users\\Asus\\OneDrive\\Desktop\\project\\testbed\\translated\\codegen\\program_6.py\", line 9, in <module>\n    print(\"--- Table of \" + N + \" ---\");\nTypeError: can only concatenate str (not \"int\") to str"
            },
            {
                "input": "0",
                "expected_output": "Enter an integer to see its multiplication table: --- Table of 0 ---\n0 x 1 = 0\n0 x 2 = 0\n0 x 3 = 0\n0 x 4 = 0\n0 x 5 = 0\n0 x 6 = 0\n0 x 7 = 0\n0 x 8 = 0\n0 x 9 = 0\n0 x 10 = 0",
                "expected_error": "",
                "translated_output": "",
                "translated_error": "Traceback (most recent call last):\n  File \"C:\\Users\\Asus\\OneDrive\\Desktop\\project\\testbed\\translated\\codegen\\program_6.py\", line 9, in <module>\n    print(\"--- Table of \" + N + \" ---\");\nTypeError: can only concatenate str (not \"int\") to str"
            },
            {
                "input": "-1",
                "expected_output": "Enter an integer to see its multiplication table: --- Table of -1 ---\n-1 x 1 = -1\n-1 x 2 = -2\n-1 x 3 = -3\n-1 x 4 = -4\n-1 x 5 = -5\n-1 x 6 = -6\n-1 x 7 = -7\n-1 x 8 = -8\n-1 x 9 = -9\n-1 x 10 = -10",
                "expected_error": "",
                "translated_output": "",
                "translated_error": "Traceback (most recent call last):\n  File \"C:\\Users\\Asus\\OneDrive\\Desktop\\project\\testbed\\translated\\codegen\\program_6.py\", line 9, in <module>\n    print(\"--- Table of \" + N + \" ---\");\nTypeError: can only concatenate str (not \"int\") to str"
            },
            {
                "input": "-315361",
                "expected_output": "Enter an integer to see its multiplication table: --- Table of -315361 ---\n-315361 x 1 = -315361\n-315361 x 2 = -630722\n-315361 x 3 = -946083\n-315361 x 4 = -1261444\n-315361 x 5 = -1576805\n-315361 x 6 = -1892166\n-315361 x 7 = -2207527\n-315361 x 8 = -2522888\n-315361 x 9 = -2838249\n-315361 x 10 = -3153610",
                "expected_error": "",
                "translated_output": "",
                "translated_error": "Traceback (most recent call last):\n  File \"C:\\Users\\Asus\\OneDrive\\Desktop\\project\\testbed\\translated\\codegen\\program_6.py\", line 9, in <module>\n    print(\"--- Table of \" + N + \" ---\");\nTypeError: can only concatenate str (not \"int\") to str"
            },
            {
                "input": "-465562",
                "expected_output": "Enter an integer to see its multiplication table: --- Table of -465562 ---\n-465562 x 1 = -465562\n-465562 x 2 = -931124\n-465562 x 3 = -1396686\n-465562 x 4 = -1862248\n-465562 x 5 = -2327810\n-465562 x 6 = -2793372\n-465562 x 7 = -3258934\n-465562 x 8 = -3724496\n-465562 x 9 = -4190058\n-465562 x 10 = -4655620",
                "expected_error": "",
                "translated_output": "",
                "translated_error": "Traceback (most recent call last):\n  File \"C:\\Users\\Asus\\OneDrive\\Desktop\\project\\testbed\\translated\\codegen\\program_6.py\", line 9, in <module>\n    print(\"--- Table of \" + N + \" ---\");\nTypeError: can only concatenate str (not \"int\") to str"
            },
            {
                "input": "-918905",
                "expected_output": "Enter an integer to see its multiplication table: --- Table of -918905 ---\n-918905 x 1 = -918905\n-918905 x 2 = -1837810\n-918905 x 3 = -2756715\n-918905 x 4 = -3675620\n-918905 x 5 = -4594525\n-918905 x 6 = -5513430\n-918905 x 7 = -6432335\n-918905 x 8 = -7351240\n-918905 x 9 = -8270145\n-918905 x 10 = -9189050",
                "expected_error": "",
                "translated_output": "",
                "translated_error": "Traceback (most recent call last):\n  File \"C:\\Users\\Asus\\OneDrive\\Desktop\\project\\testbed\\translated\\codegen\\program_6.py\", line 9, in <module>\n    print(\"--- Table of \" + N + \" ---\");\nTypeError: can only concatenate str (not \"int\") to str"
            },
            {
                "input": "648956",
                "expected_output": "Enter an integer to see its multiplication table: --- Table of 648956 ---\n648956 x 1 = 648956\n648956 x 2 = 1297912\n648956 x 3 = 1946868\n648956 x 4 = 2595824\n648956 x 5 = 3244780\n648956 x 6 = 3893736\n648956 x 7 = 4542692\n648956 x 8 = 5191648\n648956 x 9 = 5840604\n648956 x 10 = 6489560",
                "expected_error": "",
                "translated_output": "",
                "translated_error": "Traceback (most recent call last):\n  File \"C:\\Users\\Asus\\OneDrive\\Desktop\\project\\testbed\\translated\\codegen\\program_6.py\", line 9, in <module>\n    print(\"--- Table of \" + N + \" ---\");\nTypeError: can only concatenate str (not \"int\") to str"
            },
            {
                "input": "-447694",
                "expected_output": "Enter an integer to see its multiplication table: --- Table of -447694 ---\n-447694 x 1 = -447694\n-447694 x 2 = -895388\n-447694 x 3 = -1343082\n-447694 x 4 = -1790776\n-447694 x 5 = -2238470\n-447694 x 6 = -2686164\n-447694 x 7 = -3133858\n-447694 x 8 = -3581552\n-447694 x 9 = -4029246\n-447694 x 10 = -4476940",
                "expected_error": "",
                "translated_output": "",
                "translated_error": "Traceback (most recent call last):\n  File \"C:\\Users\\Asus\\OneDrive\\Desktop\\project\\testbed\\translated\\codegen\\program_6.py\", line 9, in <module>\n    print(\"--- Table of \" + N + \" ---\");\nTypeError: can only concatenate str (not \"int\") to str"
            }
        ],
        "program_7": [
            {
                "input": "-1 -1 -1",
                "expected_output": "Enter first number: Enter second number: Enter third number: The largest number is: -1",
                "expected_error": "",
                "translated_output": "",
                "translated_error": "File \"C:\\Users\\Asus\\OneDrive\\Desktop\\project\\testbed\\translated\\codegen\\program_7.py\", line 5\n    print \"Usage: \" + sys.argv[0] + \" first_number second_number third_number\"\n          ^\nSyntaxError: Missing parentheses in call to 'print'. Did you mean print(\"Usage: \" + sys.argv[0] + \" first_number second_number third_number\")?"
            },
            {
                "input": "1 1 1000000000",
                "expected_output": "Enter first number: Enter second number: Enter third number: The largest number is: 1000000000",
                "expected_error": "",
                "translated_output": "",
                "translated_error": "File \"C:\\Users\\Asus\\OneDrive\\Desktop\\project\\testbed\\translated\\codegen\\program_7.py\", line 5\n    print \"Usage: \" + sys.argv[0] + \" first_number second_number third_number\"\n          ^\nSyntaxError: Missing parentheses in call to 'print'. Did you mean print(\"Usage: \" + sys.argv[0] + \" first_number second_number third_number\")?"
            },
            {
                "input": "-1 0 -1000000000",
                "expected_output": "Enter first number: Enter second number: Enter third number: The largest number is: 0",
                "expected_error": "",
                "translated_output": "",
                "translated_error": "File \"C:\\Users\\Asus\\OneDrive\\Desktop\\project\\testbed\\translated\\codegen\\program_7.py\", line 5\n    print \"Usage: \" + sys.argv[0] + \" first_number second_number third_number\"\n          ^\nSyntaxError: Missing parentheses in call to 'print'. Did you mean print(\"Usage: \" + sys.argv[0] + \" first_number second_number third_number\")?"
            },
            {
                "input": "1 1 -1",
                "expected_output": "Enter first number: Enter second number: Enter third number: The largest number is: 1",
                "expected_error": "",
                "translated_output": "",
                "translated_error": "File \"C:\\Users\\Asus\\OneDrive\\Desktop\\project\\testbed\\translated\\codegen\\program_7.py\", line 5\n    print \"Usage: \" + sys.argv[0] + \" first_number second_number third_number\"\n          ^\nSyntaxError: Missing parentheses in call to 'print'. Did you mean print(\"Usage: \" + sys.argv[0] + \" first_number second_number third_number\")?"
            },
            {
                "input": "-1 0 -1",
                "expected_output": "Enter first number: Enter second number: Enter third number: The largest number is: 0",
                "expected_error": "",
                "translated_output": "",
                "translated_error": "File \"C:\\Users\\Asus\\OneDrive\\Desktop\\project\\testbed\\translated\\codegen\\program_7.py\", line 5\n    print \"Usage: \" + sys.argv[0] + \" first_number second_number third_number\"\n          ^\nSyntaxError: Missing parentheses in call to 'print'. Did you mean print(\"Usage: \" + sys.argv[0] + \" first_number second_number third_number\")?"
            },
            {
                "input": "-208614 -704366 157828",
                "expected_output": "Enter first number: Enter second number: Enter third number: The largest number is: 157828",
                "expected_error": "",
                "translated_output": "",
                "translated_error": "File \"C:\\Users\\Asus\\OneDrive\\Desktop\\project\\testbed\\translated\\codegen\\program_7.py\", line 5\n    print \"Usage: \" + sys.argv[0] + \" first_number second_number third_number\"\n          ^\nSyntaxError: Missing parentheses in call to 'print'. Did you mean print(\"Usage: \" + sys.argv[0] + \" first_number second_number third_number\")?"
            },
            {
                "input": "42850 667850 977829",
                "expected_output": "Enter first number: Enter second number: Enter third number: The largest number is: 977829",
                "expected_error": "",
                "translated_output": "",
                "translated_error": "File \"C:\\Users\\Asus\\OneDrive\\Desktop\\project\\testbed\\translated\\codegen\\program_7.py\", line 5\n    print \"Usage: \" + sys.argv[0] + \" first_number second_number third_number\"\n          ^\nSyntaxError: Missing parentheses in call to 'print'. Did you mean print(\"Usage: \" + sys.argv[0] + \" first_number second_number third_number\")?"
            },
            {
                "input": "-261317 -150592 -474573",
                "expected_output": "Enter first number: Enter second number: Enter third number: The largest number is: -150592",
                "expected_error": "",
                "translated_output": "",
                "translated_error": "File \"C:\\Users\\Asus\\OneDrive\\Desktop\\project\\testbed\\translated\\codegen\\program_7.py\", line 5\n    print \"Usage: \" + sys.argv[0] + \" first_number second_number third_number\"\n          ^\nSyntaxError: Missing parentheses in call to 'print'. Did you mean print(\"Usage: \" + sys.argv[0] + \" first_number second_number third_number\")?"
            },
            {
                "input": "110165 900647 224019",
                "expected_output": "Enter first number: Enter second number: Enter third number: The largest number is: 900647",
                "expected_error": "",
                "translated_output": "",
                "translated_error": "File \"C:\\Users\\Asus\\OneDrive\\Desktop\\project\\testbed\\translated\\codegen\\program_7.py\", line 5\n    print \"Usage: \" + sys.argv[0] + \" first_number second_number third_number\"\n          ^\nSyntaxError: Missing parentheses in call to 'print'. Did you mean print(\"Usage: \" + sys.argv[0] + \" first_number second_number third_number\")?"
            },
            {
                "input": "-369693 703523 -556937",
                "expected_output": "Enter first number: Enter second number: Enter third number: The largest number is: 703523",
                "expected_error": "",
                "translated_output": "",
                "translated_error": "File \"C:\\Users\\Asus\\OneDrive\\Desktop\\project\\testbed\\translated\\codegen\\program_7.py\", line 5\n    print \"Usage: \" + sys.argv[0] + \" first_number second_number third_number\"\n          ^\nSyntaxError: Missing parentheses in call to 'print'. Did you mean print(\"Usage: \" + sys.argv[0] + \" first_number second_number third_number\")?"
            }
        ],
        "program_8": [
            {
                "input": "-1.0",
                "expected_output": "Enter temperature in Celsius: -1.0\u00b0C is equal to 30.2\u00b0F",
                "expected_error": "",
                "translated_output": "",
                "translated_error": "File \"C:\\Users\\Asus\\OneDrive\\Desktop\\project\\testbed\\translated\\codegen\\program_8.py\", line 5\n    print \"Usage: \" + sys.argv[0] + \" temperature\"\n          ^\nSyntaxError: Missing parentheses in call to 'print'. Did you mean print(\"Usage: \" + sys.argv[0] + \" temperature\")?"
            },
            {
                "input": "1000000000.0",
                "expected_output": "Enter temperature in Celsius: 1.0E9\u00b0C is equal to 1.800000032E9\u00b0F",
                "expected_error": "",
                "translated_output": "",
                "translated_error": "File \"C:\\Users\\Asus\\OneDrive\\Desktop\\project\\testbed\\translated\\codegen\\program_8.py\", line 5\n    print \"Usage: \" + sys.argv[0] + \" temperature\"\n          ^\nSyntaxError: Missing parentheses in call to 'print'. Did you mean print(\"Usage: \" + sys.argv[0] + \" temperature\")?"
            },
            {
                "input": "1.0",
                "expected_output": "Enter temperature in Celsius: 1.0\u00b0C is equal to 33.8\u00b0F",
                "expected_error": "",
                "translated_output": "",
                "translated_error": "File \"C:\\Users\\Asus\\OneDrive\\Desktop\\project\\testbed\\translated\\codegen\\program_8.py\", line 5\n    print \"Usage: \" + sys.argv[0] + \" temperature\"\n          ^\nSyntaxError: Missing parentheses in call to 'print'. Did you mean print(\"Usage: \" + sys.argv[0] + \" temperature\")?"
            },
            {
                "input": "1.0",
                "expected_output": "Enter temperature in Celsius: 1.0\u00b0C is equal to 33.8\u00b0F",
                "expected_error": "",
                "translated_output": "",
                "translated_error": "File \"C:\\Users\\Asus\\OneDrive\\Desktop\\project\\testbed\\translated\\codegen\\program_8.py\", line 5\n    print \"Usage: \" + sys.argv[0] + \" temperature\"\n          ^\nSyntaxError: Missing parentheses in call to 'print'. Did you mean print(\"Usage: \" + sys.argv[0] + \" temperature\")?"
            },
            {
                "input": "1000000000.0",
                "expected_output": "Enter temperature in Celsius: 1.0E9\u00b0C is equal to 1.800000032E9\u00b0F",
                "expected_error": "",
                "translated_output": "",
                "translated_error": "File \"C:\\Users\\Asus\\OneDrive\\Desktop\\project\\testbed\\translated\\codegen\\program_8.py\", line 5\n    print \"Usage: \" + sys.argv[0] + \" temperature\"\n          ^\nSyntaxError: Missing parentheses in call to 'print'. Did you mean print(\"Usage: \" + sys.argv[0] + \" temperature\")?"
            },
            {
                "input": "-742556.8088",
                "expected_output": "Enter temperature in Celsius: -742556.8088\u00b0C is equal to -1336570.25584\u00b0F",
                "expected_error": "",
                "translated_output": "",
                "translated_error": "File \"C:\\Users\\Asus\\OneDrive\\Desktop\\project\\testbed\\translated\\codegen\\program_8.py\", line 5\n    print \"Usage: \" + sys.argv[0] + \" temperature\"\n          ^\nSyntaxError: Missing parentheses in call to 'print'. Did you mean print(\"Usage: \" + sys.argv[0] + \" temperature\")?"
            },
            {
                "input": "-21250.833",
                "expected_output": "Enter temperature in Celsius: -21250.833\u00b0C is equal to -38219.49939999999\u00b0F",
                "expected_error": "",
                "translated_output": "",
                "translated_error": "File \"C:\\Users\\Asus\\OneDrive\\Desktop\\project\\testbed\\translated\\codegen\\program_8.py\", line 5\n    print \"Usage: \" + sys.argv[0] + \" temperature\"\n          ^\nSyntaxError: Missing parentheses in call to 'print'. Did you mean print(\"Usage: \" + sys.argv[0] + \" temperature\")?"
            },
            {
                "input": "244533.0371",
                "expected_output": "Enter temperature in Celsius: 244533.0371\u00b0C is equal to 440191.46678\u00b0F",
                "expected_error": "",
                "translated_output": "",
                "translated_error": "File \"C:\\Users\\Asus\\OneDrive\\Desktop\\project\\testbed\\translated\\codegen\\program_8.py\", line 5\n    print \"Usage: \" + sys.argv[0] + \" temperature\"\n          ^\nSyntaxError: Missing parentheses in call to 'print'. Did you mean print(\"Usage: \" + sys.argv[0] + \" temperature\")?"
            },
            {
                "input": "-847846.2303",
                "expected_output": "Enter temperature in Celsius: -847846.2303\u00b0C is equal to -1526091.21454\u00b0F",
                "expected_error": "",
                "translated_output": "",
                "translated_error": "File \"C:\\Users\\Asus\\OneDrive\\Desktop\\project\\testbed\\translated\\codegen\\program_8.py\", line 5\n    print \"Usage: \" + sys.argv[0] + \" temperature\"\n          ^\nSyntaxError: Missing parentheses in call to 'print'. Did you mean print(\"Usage: \" + sys.argv[0] + \" temperature\")?"
            },
            {
                "input": "-225123.4948",
                "expected_output": "Enter temperature in Celsius: -225123.4948\u00b0C is equal to -405190.29063999996\u00b0F",
                "expected_error": "",
                "translated_output": "",
                "translated_error": "File \"C:\\Users\\Asus\\OneDrive\\Desktop\\project\\testbed\\translated\\codegen\\program_8.py\", line 5\n    print \"Usage: \" + sys.argv[0] + \" temperature\"\n          ^\nSyntaxError: Missing parentheses in call to 'print'. Did you mean print(\"Usage: \" + sys.argv[0] + \" temperature\")?"
            }
        ],
        "program_9": [
            {
                "input": "-1",
                "expected_output": "Enter a non-negative integer: The factorial of -1 is: 1",
                "expected_error": "",
                "translated_output": "",
                "translated_error": "Traceback (most recent call last):\n  File \"C:\\Users\\Asus\\OneDrive\\Desktop\\project\\testbed\\translated\\codegen\\program_9.py\", line 8, in <module>\n    print(\"The factorial of \" + N + \" is: \" + factorial(N))\nTypeError: can only concatenate str (not \"int\") to str"
            },
            {
                "input": "0",
                "expected_output": "Enter a non-negative integer: The factorial of 0 is: 1",
                "expected_error": "",
                "translated_output": "",
                "translated_error": "Traceback (most recent call last):\n  File \"C:\\Users\\Asus\\OneDrive\\Desktop\\project\\testbed\\translated\\codegen\\program_9.py\", line 8, in <module>\n    print(\"The factorial of \" + N + \" is: \" + factorial(N))\nTypeError: can only concatenate str (not \"int\") to str"
            },
            {
                "input": "-1",
                "expected_output": "Enter a non-negative integer: The factorial of -1 is: 1",
                "expected_error": "",
                "translated_output": "",
                "translated_error": "Traceback (most recent call last):\n  File \"C:\\Users\\Asus\\OneDrive\\Desktop\\project\\testbed\\translated\\codegen\\program_9.py\", line 8, in <module>\n    print(\"The factorial of \" + N + \" is: \" + factorial(N))\nTypeError: can only concatenate str (not \"int\") to str"
            },
            {
                "input": "-1000000000",
                "expected_output": "Enter a non-negative integer: The factorial of -1000000000 is: 1",
                "expected_error": "",
                "translated_output": "",
                "translated_error": "Traceback (most recent call last):\n  File \"C:\\Users\\Asus\\OneDrive\\Desktop\\project\\testbed\\translated\\codegen\\program_9.py\", line 8, in <module>\n    print(\"The factorial of \" + N + \" is: \" + factorial(N))\nTypeError: can only concatenate str (not \"int\") to str"
            },
            {
                "input": "-1",
                "expected_output": "Enter a non-negative integer: The factorial of -1 is: 1",
                "expected_error": "",
                "translated_output": "",
                "translated_error": "Traceback (most recent call last):\n  File \"C:\\Users\\Asus\\OneDrive\\Desktop\\project\\testbed\\translated\\codegen\\program_9.py\", line 8, in <module>\n    print(\"The factorial of \" + N + \" is: \" + factorial(N))\nTypeError: can only concatenate str (not \"int\") to str"
            },
            {
                "input": "-373280",
                "expected_output": "Enter a non-negative integer: The factorial of -373280 is: 1",
                "expected_error": "",
                "translated_output": "",
                "translated_error": "Traceback (most recent call last):\n  File \"C:\\Users\\Asus\\OneDrive\\Desktop\\project\\testbed\\translated\\codegen\\program_9.py\", line 8, in <module>\n    print(\"The factorial of \" + N + \" is: \" + factorial(N))\nTypeError: can only concatenate str (not \"int\") to str"
            },
            {
                "input": "106677",
                "expected_output": "Enter a non-negative integer: The factorial of 106677 is: 0",
                "expected_error": "",
                "translated_output": "",
                "translated_error": "Traceback (most recent call last):\n  File \"C:\\Users\\Asus\\OneDrive\\Desktop\\project\\testbed\\translated\\codegen\\program_9.py\", line 8, in <module>\n    print(\"The factorial of \" + N + \" is: \" + factorial(N))\nTypeError: can only concatenate str (not \"int\") to str"
            },
            {
                "input": "683149",
                "expected_output": "Enter a non-negative integer: The factorial of 683149 is: 0",
                "expected_error": "",
                "translated_output": "",
                "translated_error": "Traceback (most recent call last):\n  File \"C:\\Users\\Asus\\OneDrive\\Desktop\\project\\testbed\\translated\\codegen\\program_9.py\", line 8, in <module>\n    print(\"The factorial of \" + N + \" is: \" + factorial(N))\nTypeError: can only concatenate str (not \"int\") to str"
            },
            {
                "input": "-706820",
                "expected_output": "Enter a non-negative integer: The factorial of -706820 is: 1",
                "expected_error": "",
                "translated_output": "",
                "translated_error": "Traceback (most recent call last):\n  File \"C:\\Users\\Asus\\OneDrive\\Desktop\\project\\testbed\\translated\\codegen\\program_9.py\", line 8, in <module>\n    print(\"The factorial of \" + N + \" is: \" + factorial(N))\nTypeError: can only concatenate str (not \"int\") to str"
            },
            {
                "input": "-650214",
                "expected_output": "Enter a non-negative integer: The factorial of -650214 is: 1",
                "expected_error": "",
                "translated_output": "",
                "translated_error": "Traceback (most recent call last):\n  File \"C:\\Users\\Asus\\OneDrive\\Desktop\\project\\testbed\\translated\\codegen\\program_9.py\", line 8, in <module>\n    print(\"The factorial of \" + N + \" is: \" + factorial(N))\nTypeError: can only concatenate str (not \"int\") to str"
            }
        ]
    },
    "codet5": {
        "program_1": [
            {
                "input": "1000000000 0",
                "expected_output": "Enter the first number: Enter the second number: The sum is: 1000000000",
                "expected_error": "",
                "translated_output": "",
                "translated_error": "Traceback (most recent call last):\n  File \"C:\\Users\\Asus\\OneDrive\\Desktop\\project\\testbed\\translated\\codet5\\program_1.py\", line 1, in <module>\n    java.util.Scanner;\nNameError: name 'java' is not defined"
            },
            {
                "input": "-1 1",
                "expected_output": "Enter the first number: Enter the second number: The sum is: 0",
                "expected_error": "",
                "translated_output": "",
                "translated_error": "Traceback (most recent call last):\n  File \"C:\\Users\\Asus\\OneDrive\\Desktop\\project\\testbed\\translated\\codet5\\program_1.py\", line 1, in <module>\n    java.util.Scanner;\nNameError: name 'java' is not defined"
            },
            {
                "input": "-1 -1000000000",
                "expected_output": "Enter the first number: Enter the second number: The sum is: -1000000001",
                "expected_error": "",
                "translated_output": "",
                "translated_error": "Traceback (most recent call last):\n  File \"C:\\Users\\Asus\\OneDrive\\Desktop\\project\\testbed\\translated\\codet5\\program_1.py\", line 1, in <module>\n    java.util.Scanner;\nNameError: name 'java' is not defined"
            },
            {
                "input": "1 1",
                "expected_output": "Enter the first number: Enter the second number: The sum is: 2",
                "expected_error": "",
                "translated_output": "",
                "translated_error": "Traceback (most recent call last):\n  File \"C:\\Users\\Asus\\OneDrive\\Desktop\\project\\testbed\\translated\\codet5\\program_1.py\", line 1, in <module>\n    java.util.Scanner;\nNameError: name 'java' is not defined"
            },
            {
                "input": "1 1000000000",
                "expected_output": "Enter the first number: Enter the second number: The sum is: 1000000001",
                "expected_error": "",
                "translated_output": "",
                "translated_error": "Traceback (most recent call last):\n  File \"C:\\Users\\Asus\\OneDrive\\Desktop\\project\\testbed\\translated\\codet5\\program_1.py\", line 1, in <module>\n    java.util.Scanner;\nNameError: name 'java' is not defined"
            },
            {
                "input": "-760306 37258",
                "expected_output": "Enter the first number: Enter the second number: The sum is: -723048",
                "expected_error": "",
                "translated_output": "",
                "translated_error": "Traceback (most recent call last):\n  File \"C:\\Users\\Asus\\OneDrive\\Desktop\\project\\testbed\\translated\\codet5\\program_1.py\", line 1, in <module>\n    java.util.Scanner;\nNameError: name 'java' is not defined"
            },
            {
                "input": "-162986 434020",
                "expected_output": "Enter the first number: Enter the second number: The sum is: 271034",
                "expected_error": "",
                "translated_output": "",
                "translated_error": "Traceback (most recent call last):\n  File \"C:\\Users\\Asus\\OneDrive\\Desktop\\project\\testbed\\translated\\codet5\\program_1.py\", line 1, in <module>\n    java.util.Scanner;\nNameError: name 'java' is not defined"
            },
            {
                "input": "89064 247488",
                "expected_output": "Enter the first number: Enter the second number: The sum is: 336552",
                "expected_error": "",
                "translated_output": "",
                "translated_error": "Traceback (most recent call last):\n  File \"C:\\Users\\Asus\\OneDrive\\Desktop\\project\\testbed\\translated\\codet5\\program_1.py\", line 1, in <module>\n    java.util.Scanner;\nNameError: name 'java' is not defined"
            },
            {
                "input": "-103622 67510",
                "expected_output": "Enter the first number: Enter the second number: The sum is: -36112",
                "expected_error": "",
                "translated_output": "",
                "translated_error": "Traceback (most recent call last):\n  File \"C:\\Users\\Asus\\OneDrive\\Desktop\\project\\testbed\\translated\\codet5\\program_1.py\", line 1, in <module>\n    java.util.Scanner;\nNameError: name 'java' is not defined"
            },
            {
                "input": "-605802 -202466",
                "expected_output": "Enter the first number: Enter the second number: The sum is: -808268",
                "expected_error": "",
                "translated_output": "",
                "translated_error": "Traceback (most recent call last):\n  File \"C:\\Users\\Asus\\OneDrive\\Desktop\\project\\testbed\\translated\\codet5\\program_1.py\", line 1, in <module>\n    java.util.Scanner;\nNameError: name 'java' is not defined"
            }
        ],
        "program_2": [
            {
                "input": "1",
                "expected_output": "Enter an integer: 1 is an ODD number.",
                "expected_error": "",
                "translated_output": "",
                "translated_error": "Traceback (most recent call last):\n  File \"C:\\Users\\Asus\\OneDrive\\Desktop\\project\\testbed\\translated\\codet5\\program_2.py\", line 1, in <module>\n    java.util.Scanner;\nNameError: name 'java' is not defined"
            },
            {
                "input": "-1000000000",
                "expected_output": "Enter an integer: -1000000000 is an EVEN number.",
                "expected_error": "",
                "translated_output": "",
                "translated_error": "Traceback (most recent call last):\n  File \"C:\\Users\\Asus\\OneDrive\\Desktop\\project\\testbed\\translated\\codet5\\program_2.py\", line 1, in <module>\n    java.util.Scanner;\nNameError: name 'java' is not defined"
            },
            {
                "input": "-1000000000",
                "expected_output": "Enter an integer: -1000000000 is an EVEN number.",
                "expected_error": "",
                "translated_output": "",
                "translated_error": "Traceback (most recent call last):\n  File \"C:\\Users\\Asus\\OneDrive\\Desktop\\project\\testbed\\translated\\codet5\\program_2.py\", line 1, in <module>\n    java.util.Scanner;\nNameError: name 'java' is not defined"
            },
            {
                "input": "-1",
                "expected_output": "Enter an integer: -1 is an ODD number.",
                "expected_error": "",
                "translated_output": "",
                "translated_error": "Traceback (most recent call last):\n  File \"C:\\Users\\Asus\\OneDrive\\Desktop\\project\\testbed\\translated\\codet5\\program_2.py\", line 1, in <module>\n    java.util.Scanner;\nNameError: name 'java' is not defined"
            },
            {
                "input": "1000000000",
                "expected_output": "Enter an integer: 1000000000 is an EVEN number.",
                "expected_error": "",
                "translated_output": "",
                "translated_error": "Traceback (most recent call last):\n  File \"C:\\Users\\Asus\\OneDrive\\Desktop\\project\\testbed\\translated\\codet5\\program_2.py\", line 1, in <module>\n    java.util.Scanner;\nNameError: name 'java' is not defined"
            },
            {
                "input": "-12646",
                "expected_output": "Enter an integer: -12646 is an EVEN number.",
                "expected_error": "",
                "translated_output": "",
                "translated_error": "Traceback (most recent call last):\n  File \"C:\\Users\\Asus\\OneDrive\\Desktop\\project\\testbed\\translated\\codet5\\program_2.py\", line 1, in <module>\n    java.util.Scanner;\nNameError: name 'java' is not defined"
            },
            {
                "input": "327348",
                "expected_output": "Enter an integer: 327348 is an EVEN number.",
                "expected_error": "",
                "translated_output": "",
                "translated_error": "Traceback (most recent call last):\n  File \"C:\\Users\\Asus\\OneDrive\\Desktop\\project\\testbed\\translated\\codet5\\program_2.py\", line 1, in <module>\n    java.util.Scanner;\nNameError: name 'java' is not defined"
            },
            {
                "input": "-12424",
                "expected_output": "Enter an integer: -12424 is an EVEN number.",
                "expected_error": "",
                "translated_output": "",
                "translated_error": "Traceback (most recent call last):\n  File \"C:\\Users\\Asus\\OneDrive\\Desktop\\project\\testbed\\translated\\codet5\\program_2.py\", line 1, in <module>\n    java.util.Scanner;\nNameError: name 'java' is not defined"
            },
            {
                "input": "907686",
                "expected_output": "Enter an integer: 907686 is an EVEN number.",
                "expected_error": "",
                "translated_output": "",
                "translated_error": "Traceback (most recent call last):\n  File \"C:\\Users\\Asus\\OneDrive\\Desktop\\project\\testbed\\translated\\codet5\\program_2.py\", line 1, in <module>\n    java.util.Scanner;\nNameError: name 'java' is not defined"
            },
            {
                "input": "-299168",
                "expected_output": "Enter an integer: -299168 is an EVEN number.",
                "expected_error": "",
                "translated_output": "",
                "translated_error": "Traceback (most recent call last):\n  File \"C:\\Users\\Asus\\OneDrive\\Desktop\\project\\testbed\\translated\\codet5\\program_2.py\", line 1, in <module>\n    java.util.Scanner;\nNameError: name 'java' is not defined"
            }
        ],
        "program_5": [
            {
                "input": "",
                "expected_output": "Enter a word or phrase: '' is a Palindrome.",
                "expected_error": "",
                "translated_output": "",
                "translated_error": "Traceback (most recent call last):\n  File \"C:\\Users\\Asus\\OneDrive\\Desktop\\project\\testbed\\translated\\codet5\\program_5.py\", line 1, in <module>\n    java.util.Scanner;\nNameError: name 'java' is not defined"
            },
            {
                "input": "1234",
                "expected_output": "Enter a word or phrase: '1234' is NOT a Palindrome.",
                "expected_error": "",
                "translated_output": "",
                "translated_error": "Traceback (most recent call last):\n  File \"C:\\Users\\Asus\\OneDrive\\Desktop\\project\\testbed\\translated\\codet5\\program_5.py\", line 1, in <module>\n    java.util.Scanner;\nNameError: name 'java' is not defined"
            },
            {
                "input": "1234",
                "expected_output": "Enter a word or phrase: '1234' is NOT a Palindrome.",
                "expected_error": "",
                "translated_output": "",
                "translated_error": "Traceback (most recent call last):\n  File \"C:\\Users\\Asus\\OneDrive\\Desktop\\project\\testbed\\translated\\codet5\\program_5.py\", line 1, in <module>\n    java.util.Scanner;\nNameError: name 'java' is not defined"
            },
            {
                "input": "abc",
                "expected_output": "Enter a word or phrase: 'abc' is NOT a Palindrome.",
                "expected_error": "",
                "translated_output": "",
                "translated_error": "Traceback (most recent call last):\n  File \"C:\\Users\\Asus\\OneDrive\\Desktop\\project\\testbed\\translated\\codet5\\program_5.py\", line 1, in <module>\n    java.util.Scanner;\nNameError: name 'java' is not defined"
            },
            {
                "input": "xxxxxxxxxxxxxxxxxxxxxxxxxxxxxxxxxxxxxxxxxxxxxxxxxxxxxxxxxxxxxxxxxxxxxxxxxxxxxxxxxxxxxxxxxxxxxxxxxxxx",
                "expected_output": "Enter a word or phrase: 'xxxxxxxxxxxxxxxxxxxxxxxxxxxxxxxxxxxxxxxxxxxxxxxxxxxxxxxxxxxxxxxxxxxxxxxxxxxxxxxxxxxxxxxxxxxxxxxxxxxx' is a Palindrome.",
                "expected_error": "",
                "translated_output": "",
                "translated_error": "Traceback (most recent call last):\n  File \"C:\\Users\\Asus\\OneDrive\\Desktop\\project\\testbed\\translated\\codet5\\program_5.py\", line 1, in <module>\n    java.util.Scanner;\nNameError: name 'java' is not defined"
            },
            {
                "input": "str8753",
                "expected_output": "Enter a word or phrase: 'str8753' is NOT a Palindrome.",
                "expected_error": "",
                "translated_output": "",
                "translated_error": "Traceback (most recent call last):\n  File \"C:\\Users\\Asus\\OneDrive\\Desktop\\project\\testbed\\translated\\codet5\\program_5.py\", line 1, in <module>\n    java.util.Scanner;\nNameError: name 'java' is not defined"
            },
            {
                "input": "str9779",
                "expected_output": "Enter a word or phrase: 'str9779' is NOT a Palindrome.",
                "expected_error": "",
                "translated_output": "",
                "translated_error": "Traceback (most recent call last):\n  File \"C:\\Users\\Asus\\OneDrive\\Desktop\\project\\testbed\\translated\\codet5\\program_5.py\", line 1, in <module>\n    java.util.Scanner;\nNameError: name 'java' is not defined"
            },
            {
                "input": "str7275",
                "expected_output": "Enter a word or phrase: 'str7275' is NOT a Palindrome.",
                "expected_error": "",
                "translated_output": "",
                "translated_error": "Traceback (most recent call last):\n  File \"C:\\Users\\Asus\\OneDrive\\Desktop\\project\\testbed\\translated\\codet5\\program_5.py\", line 1, in <module>\n    java.util.Scanner;\nNameError: name 'java' is not defined"
            },
            {
                "input": "str2794",
                "expected_output": "Enter a word or phrase: 'str2794' is NOT a Palindrome.",
                "expected_error": "",
                "translated_output": "",
                "translated_error": "Traceback (most recent call last):\n  File \"C:\\Users\\Asus\\OneDrive\\Desktop\\project\\testbed\\translated\\codet5\\program_5.py\", line 1, in <module>\n    java.util.Scanner;\nNameError: name 'java' is not defined"
            },
            {
                "input": "str7239",
                "expected_output": "Enter a word or phrase: 'str7239' is NOT a Palindrome.",
                "expected_error": "",
                "translated_output": "",
                "translated_error": "Traceback (most recent call last):\n  File \"C:\\Users\\Asus\\OneDrive\\Desktop\\project\\testbed\\translated\\codet5\\program_5.py\", line 1, in <module>\n    java.util.Scanner;\nNameError: name 'java' is not defined"
            }
        ],
        "program_6": [
            {
                "input": "1",
                "expected_output": "Enter an integer to see its multiplication table: --- Table of 1 ---\n1 x 1 = 1\n1 x 2 = 2\n1 x 3 = 3\n1 x 4 = 4\n1 x 5 = 5\n1 x 6 = 6\n1 x 7 = 7\n1 x 8 = 8\n1 x 9 = 9\n1 x 10 = 10",
                "expected_error": "",
                "translated_output": "",
                "translated_error": "Traceback (most recent call last):\n  File \"C:\\Users\\Asus\\OneDrive\\Desktop\\project\\testbed\\translated\\codet5\\program_6.py\", line 1, in <module>\n    java.util.Scanner;\nNameError: name 'java' is not defined"
            },
            {
                "input": "1000000000",
                "expected_output": "Enter an integer to see its multiplication table: --- Table of 1000000000 ---\n1000000000 x 1 = 1000000000\n1000000000 x 2 = 2000000000\n1000000000 x 3 = -1294967296\n1000000000 x 4 = -294967296\n1000000000 x 5 = 705032704\n1000000000 x 6 = 1705032704\n1000000000 x 7 = -1589934592\n1000000000 x 8 = -589934592\n1000000000 x 9 = 410065408\n1000000000 x 10 = 1410065408",
                "expected_error": "",
                "translated_output": "",
                "translated_error": "Traceback (most recent call last):\n  File \"C:\\Users\\Asus\\OneDrive\\Desktop\\project\\testbed\\translated\\codet5\\program_6.py\", line 1, in <module>\n    java.util.Scanner;\nNameError: name 'java' is not defined"
            },
            {
                "input": "0",
                "expected_output": "Enter an integer to see its multiplication table: --- Table of 0 ---\n0 x 1 = 0\n0 x 2 = 0\n0 x 3 = 0\n0 x 4 = 0\n0 x 5 = 0\n0 x 6 = 0\n0 x 7 = 0\n0 x 8 = 0\n0 x 9 = 0\n0 x 10 = 0",
                "expected_error": "",
                "translated_output": "",
                "translated_error": "Traceback (most recent call last):\n  File \"C:\\Users\\Asus\\OneDrive\\Desktop\\project\\testbed\\translated\\codet5\\program_6.py\", line 1, in <module>\n    java.util.Scanner;\nNameError: name 'java' is not defined"
            },
            {
                "input": "0",
                "expected_output": "Enter an integer to see its multiplication table: --- Table of 0 ---\n0 x 1 = 0\n0 x 2 = 0\n0 x 3 = 0\n0 x 4 = 0\n0 x 5 = 0\n0 x 6 = 0\n0 x 7 = 0\n0 x 8 = 0\n0 x 9 = 0\n0 x 10 = 0",
                "expected_error": "",
                "translated_output": "",
                "translated_error": "Traceback (most recent call last):\n  File \"C:\\Users\\Asus\\OneDrive\\Desktop\\project\\testbed\\translated\\codet5\\program_6.py\", line 1, in <module>\n    java.util.Scanner;\nNameError: name 'java' is not defined"
            },
            {
                "input": "-1",
                "expected_output": "Enter an integer to see its multiplication table: --- Table of -1 ---\n-1 x 1 = -1\n-1 x 2 = -2\n-1 x 3 = -3\n-1 x 4 = -4\n-1 x 5 = -5\n-1 x 6 = -6\n-1 x 7 = -7\n-1 x 8 = -8\n-1 x 9 = -9\n-1 x 10 = -10",
                "expected_error": "",
                "translated_output": "",
                "translated_error": "Traceback (most recent call last):\n  File \"C:\\Users\\Asus\\OneDrive\\Desktop\\project\\testbed\\translated\\codet5\\program_6.py\", line 1, in <module>\n    java.util.Scanner;\nNameError: name 'java' is not defined"
            },
            {
                "input": "-315361",
                "expected_output": "Enter an integer to see its multiplication table: --- Table of -315361 ---\n-315361 x 1 = -315361\n-315361 x 2 = -630722\n-315361 x 3 = -946083\n-315361 x 4 = -1261444\n-315361 x 5 = -1576805\n-315361 x 6 = -1892166\n-315361 x 7 = -2207527\n-315361 x 8 = -2522888\n-315361 x 9 = -2838249\n-315361 x 10 = -3153610",
                "expected_error": "",
                "translated_output": "",
                "translated_error": "Traceback (most recent call last):\n  File \"C:\\Users\\Asus\\OneDrive\\Desktop\\project\\testbed\\translated\\codet5\\program_6.py\", line 1, in <module>\n    java.util.Scanner;\nNameError: name 'java' is not defined"
            },
            {
                "input": "-465562",
                "expected_output": "Enter an integer to see its multiplication table: --- Table of -465562 ---\n-465562 x 1 = -465562\n-465562 x 2 = -931124\n-465562 x 3 = -1396686\n-465562 x 4 = -1862248\n-465562 x 5 = -2327810\n-465562 x 6 = -2793372\n-465562 x 7 = -3258934\n-465562 x 8 = -3724496\n-465562 x 9 = -4190058\n-465562 x 10 = -4655620",
                "expected_error": "",
                "translated_output": "",
                "translated_error": "Traceback (most recent call last):\n  File \"C:\\Users\\Asus\\OneDrive\\Desktop\\project\\testbed\\translated\\codet5\\program_6.py\", line 1, in <module>\n    java.util.Scanner;\nNameError: name 'java' is not defined"
            },
            {
                "input": "-918905",
                "expected_output": "Enter an integer to see its multiplication table: --- Table of -918905 ---\n-918905 x 1 = -918905\n-918905 x 2 = -1837810\n-918905 x 3 = -2756715\n-918905 x 4 = -3675620\n-918905 x 5 = -4594525\n-918905 x 6 = -5513430\n-918905 x 7 = -6432335\n-918905 x 8 = -7351240\n-918905 x 9 = -8270145\n-918905 x 10 = -9189050",
                "expected_error": "",
                "translated_output": "",
                "translated_error": "Traceback (most recent call last):\n  File \"C:\\Users\\Asus\\OneDrive\\Desktop\\project\\testbed\\translated\\codet5\\program_6.py\", line 1, in <module>\n    java.util.Scanner;\nNameError: name 'java' is not defined"
            },
            {
                "input": "648956",
                "expected_output": "Enter an integer to see its multiplication table: --- Table of 648956 ---\n648956 x 1 = 648956\n648956 x 2 = 1297912\n648956 x 3 = 1946868\n648956 x 4 = 2595824\n648956 x 5 = 3244780\n648956 x 6 = 3893736\n648956 x 7 = 4542692\n648956 x 8 = 5191648\n648956 x 9 = 5840604\n648956 x 10 = 6489560",
                "expected_error": "",
                "translated_output": "",
                "translated_error": "Traceback (most recent call last):\n  File \"C:\\Users\\Asus\\OneDrive\\Desktop\\project\\testbed\\translated\\codet5\\program_6.py\", line 1, in <module>\n    java.util.Scanner;\nNameError: name 'java' is not defined"
            },
            {
                "input": "-447694",
                "expected_output": "Enter an integer to see its multiplication table: --- Table of -447694 ---\n-447694 x 1 = -447694\n-447694 x 2 = -895388\n-447694 x 3 = -1343082\n-447694 x 4 = -1790776\n-447694 x 5 = -2238470\n-447694 x 6 = -2686164\n-447694 x 7 = -3133858\n-447694 x 8 = -3581552\n-447694 x 9 = -4029246\n-447694 x 10 = -4476940",
                "expected_error": "",
                "translated_output": "",
                "translated_error": "Traceback (most recent call last):\n  File \"C:\\Users\\Asus\\OneDrive\\Desktop\\project\\testbed\\translated\\codet5\\program_6.py\", line 1, in <module>\n    java.util.Scanner;\nNameError: name 'java' is not defined"
            }
        ]
    },
    "gemini": {
        "program_1": [
            {
                "input": "1000000000 0",
                "expected_output": "Enter the first number: Enter the second number: The sum is: 1000000000",
                "expected_error": "",
                "translated_output": "Enter the first number:",
                "translated_error": "Traceback (most recent call last):\n  File \"C:\\Users\\Asus\\OneDrive\\Desktop\\project\\testbed\\translated\\gemini\\program_1.py\", line 9, in <module>\n    main()\n  File \"C:\\Users\\Asus\\OneDrive\\Desktop\\project\\testbed\\translated\\gemini\\program_1.py\", line 2, in main\n    num1 = int(input(\"Enter the first number: \"))\nValueError: invalid literal for int() with base 10: '1000000000 0'"
            },
            {
                "input": "-1 1",
                "expected_output": "Enter the first number: Enter the second number: The sum is: 0",
                "expected_error": "",
                "translated_output": "Enter the first number:",
                "translated_error": "Traceback (most recent call last):\n  File \"C:\\Users\\Asus\\OneDrive\\Desktop\\project\\testbed\\translated\\gemini\\program_1.py\", line 9, in <module>\n    main()\n  File \"C:\\Users\\Asus\\OneDrive\\Desktop\\project\\testbed\\translated\\gemini\\program_1.py\", line 2, in main\n    num1 = int(input(\"Enter the first number: \"))\nValueError: invalid literal for int() with base 10: '-1 1'"
            },
            {
                "input": "-1 -1000000000",
                "expected_output": "Enter the first number: Enter the second number: The sum is: -1000000001",
                "expected_error": "",
                "translated_output": "Enter the first number:",
                "translated_error": "Traceback (most recent call last):\n  File \"C:\\Users\\Asus\\OneDrive\\Desktop\\project\\testbed\\translated\\gemini\\program_1.py\", line 9, in <module>\n    main()\n  File \"C:\\Users\\Asus\\OneDrive\\Desktop\\project\\testbed\\translated\\gemini\\program_1.py\", line 2, in main\n    num1 = int(input(\"Enter the first number: \"))\nValueError: invalid literal for int() with base 10: '-1 -1000000000'"
            },
            {
                "input": "1 1",
                "expected_output": "Enter the first number: Enter the second number: The sum is: 2",
                "expected_error": "",
                "translated_output": "Enter the first number:",
                "translated_error": "Traceback (most recent call last):\n  File \"C:\\Users\\Asus\\OneDrive\\Desktop\\project\\testbed\\translated\\gemini\\program_1.py\", line 9, in <module>\n    main()\n  File \"C:\\Users\\Asus\\OneDrive\\Desktop\\project\\testbed\\translated\\gemini\\program_1.py\", line 2, in main\n    num1 = int(input(\"Enter the first number: \"))\nValueError: invalid literal for int() with base 10: '1 1'"
            },
            {
                "input": "1 1000000000",
                "expected_output": "Enter the first number: Enter the second number: The sum is: 1000000001",
                "expected_error": "",
                "translated_output": "Enter the first number:",
                "translated_error": "Traceback (most recent call last):\n  File \"C:\\Users\\Asus\\OneDrive\\Desktop\\project\\testbed\\translated\\gemini\\program_1.py\", line 9, in <module>\n    main()\n  File \"C:\\Users\\Asus\\OneDrive\\Desktop\\project\\testbed\\translated\\gemini\\program_1.py\", line 2, in main\n    num1 = int(input(\"Enter the first number: \"))\nValueError: invalid literal for int() with base 10: '1 1000000000'"
            },
            {
                "input": "-760306 37258",
                "expected_output": "Enter the first number: Enter the second number: The sum is: -723048",
                "expected_error": "",
                "translated_output": "Enter the first number:",
                "translated_error": "Traceback (most recent call last):\n  File \"C:\\Users\\Asus\\OneDrive\\Desktop\\project\\testbed\\translated\\gemini\\program_1.py\", line 9, in <module>\n    main()\n  File \"C:\\Users\\Asus\\OneDrive\\Desktop\\project\\testbed\\translated\\gemini\\program_1.py\", line 2, in main\n    num1 = int(input(\"Enter the first number: \"))\nValueError: invalid literal for int() with base 10: '-760306 37258'"
            },
            {
                "input": "-162986 434020",
                "expected_output": "Enter the first number: Enter the second number: The sum is: 271034",
                "expected_error": "",
                "translated_output": "Enter the first number:",
                "translated_error": "Traceback (most recent call last):\n  File \"C:\\Users\\Asus\\OneDrive\\Desktop\\project\\testbed\\translated\\gemini\\program_1.py\", line 9, in <module>\n    main()\n  File \"C:\\Users\\Asus\\OneDrive\\Desktop\\project\\testbed\\translated\\gemini\\program_1.py\", line 2, in main\n    num1 = int(input(\"Enter the first number: \"))\nValueError: invalid literal for int() with base 10: '-162986 434020'"
            },
            {
                "input": "89064 247488",
                "expected_output": "Enter the first number: Enter the second number: The sum is: 336552",
                "expected_error": "",
                "translated_output": "Enter the first number:",
                "translated_error": "Traceback (most recent call last):\n  File \"C:\\Users\\Asus\\OneDrive\\Desktop\\project\\testbed\\translated\\gemini\\program_1.py\", line 9, in <module>\n    main()\n  File \"C:\\Users\\Asus\\OneDrive\\Desktop\\project\\testbed\\translated\\gemini\\program_1.py\", line 2, in main\n    num1 = int(input(\"Enter the first number: \"))\nValueError: invalid literal for int() with base 10: '89064 247488'"
            },
            {
                "input": "-103622 67510",
                "expected_output": "Enter the first number: Enter the second number: The sum is: -36112",
                "expected_error": "",
                "translated_output": "Enter the first number:",
                "translated_error": "Traceback (most recent call last):\n  File \"C:\\Users\\Asus\\OneDrive\\Desktop\\project\\testbed\\translated\\gemini\\program_1.py\", line 9, in <module>\n    main()\n  File \"C:\\Users\\Asus\\OneDrive\\Desktop\\project\\testbed\\translated\\gemini\\program_1.py\", line 2, in main\n    num1 = int(input(\"Enter the first number: \"))\nValueError: invalid literal for int() with base 10: '-103622 67510'"
            },
            {
                "input": "-605802 -202466",
                "expected_output": "Enter the first number: Enter the second number: The sum is: -808268",
                "expected_error": "",
                "translated_output": "Enter the first number:",
                "translated_error": "Traceback (most recent call last):\n  File \"C:\\Users\\Asus\\OneDrive\\Desktop\\project\\testbed\\translated\\gemini\\program_1.py\", line 9, in <module>\n    main()\n  File \"C:\\Users\\Asus\\OneDrive\\Desktop\\project\\testbed\\translated\\gemini\\program_1.py\", line 2, in main\n    num1 = int(input(\"Enter the first number: \"))\nValueError: invalid literal for int() with base 10: '-605802 -202466'"
            }
        ],
        "program_10": [
            {
                "input": "abc 1234",
                "expected_output": "Enter a string: Enter the character to count:",
                "expected_error": "Exception in thread \"main\" java.util.NoSuchElementException: No line found\n\tat java.base/java.util.Scanner.nextLine(Scanner.java:1690)\n\tat CharacterCounter.main(CharacterCounter.java:10)",
                "translated_output": "Enter a string: Enter the character to count:",
                "translated_error": "Traceback (most recent call last):\n  File \"C:\\Users\\Asus\\OneDrive\\Desktop\\project\\testbed\\translated\\gemini\\program_10.py\", line 13, in <module>\n    main()\n  File \"C:\\Users\\Asus\\OneDrive\\Desktop\\project\\testbed\\translated\\gemini\\program_10.py\", line 3, in main\n    target_char = input(\"Enter the character to count: \")[0]\nEOFError: EOF when reading a line"
            },
            {
                "input": "xxxxxxxxxxxxxxxxxxxxxxxxxxxxxxxxxxxxxxxxxxxxxxxxxxxxxxxxxxxxxxxxxxxxxxxxxxxxxxxxxxxxxxxxxxxxxxxxxxxx",
                "expected_output": "Enter a string: Enter the character to count:",
                "expected_error": "Exception in thread \"main\" java.util.NoSuchElementException: No line found\n\tat java.base/java.util.Scanner.nextLine(Scanner.java:1690)\n\tat CharacterCounter.main(CharacterCounter.java:10)",
                "translated_output": "Enter a string: Enter the character to count:",
                "translated_error": "Traceback (most recent call last):\n  File \"C:\\Users\\Asus\\OneDrive\\Desktop\\project\\testbed\\translated\\gemini\\program_10.py\", line 13, in <module>\n    main()\n  File \"C:\\Users\\Asus\\OneDrive\\Desktop\\project\\testbed\\translated\\gemini\\program_10.py\", line 3, in main\n    target_char = input(\"Enter the character to count: \")[0]\nEOFError: EOF when reading a line"
            },
            {
                "input": "a",
                "expected_output": "Enter a string: Enter the character to count:",
                "expected_error": "Exception in thread \"main\" java.util.NoSuchElementException: No line found\n\tat java.base/java.util.Scanner.nextLine(Scanner.java:1690)\n\tat CharacterCounter.main(CharacterCounter.java:10)",
                "translated_output": "Enter a string: Enter the character to count:",
                "translated_error": "Traceback (most recent call last):\n  File \"C:\\Users\\Asus\\OneDrive\\Desktop\\project\\testbed\\translated\\gemini\\program_10.py\", line 13, in <module>\n    main()\n  File \"C:\\Users\\Asus\\OneDrive\\Desktop\\project\\testbed\\translated\\gemini\\program_10.py\", line 3, in main\n    target_char = input(\"Enter the character to count: \")[0]\nEOFError: EOF when reading a line"
            },
            {
                "input": "xxxxxxxxxxxxxxxxxxxxxxxxxxxxxxxxxxxxxxxxxxxxxxxxxxxxxxxxxxxxxxxxxxxxxxxxxxxxxxxxxxxxxxxxxxxxxxxxxxxx a",
                "expected_output": "Enter a string: Enter the character to count:",
                "expected_error": "Exception in thread \"main\" java.util.NoSuchElementException: No line found\n\tat java.base/java.util.Scanner.nextLine(Scanner.java:1690)\n\tat CharacterCounter.main(CharacterCounter.java:10)",
                "translated_output": "Enter a string: Enter the character to count:",
                "translated_error": "Traceback (most recent call last):\n  File \"C:\\Users\\Asus\\OneDrive\\Desktop\\project\\testbed\\translated\\gemini\\program_10.py\", line 13, in <module>\n    main()\n  File \"C:\\Users\\Asus\\OneDrive\\Desktop\\project\\testbed\\translated\\gemini\\program_10.py\", line 3, in main\n    target_char = input(\"Enter the character to count: \")[0]\nEOFError: EOF when reading a line"
            },
            {
                "input": "xxxxxxxxxxxxxxxxxxxxxxxxxxxxxxxxxxxxxxxxxxxxxxxxxxxxxxxxxxxxxxxxxxxxxxxxxxxxxxxxxxxxxxxxxxxxxxxxxxxx xxxxxxxxxxxxxxxxxxxxxxxxxxxxxxxxxxxxxxxxxxxxxxxxxxxxxxxxxxxxxxxxxxxxxxxxxxxxxxxxxxxxxxxxxxxxxxxxxxxx",
                "expected_output": "Enter a string: Enter the character to count:",
                "expected_error": "Exception in thread \"main\" java.util.NoSuchElementException: No line found\n\tat java.base/java.util.Scanner.nextLine(Scanner.java:1690)\n\tat CharacterCounter.main(CharacterCounter.java:10)",
                "translated_output": "Enter a string: Enter the character to count:",
                "translated_error": "Traceback (most recent call last):\n  File \"C:\\Users\\Asus\\OneDrive\\Desktop\\project\\testbed\\translated\\gemini\\program_10.py\", line 13, in <module>\n    main()\n  File \"C:\\Users\\Asus\\OneDrive\\Desktop\\project\\testbed\\translated\\gemini\\program_10.py\", line 3, in main\n    target_char = input(\"Enter the character to count: \")[0]\nEOFError: EOF when reading a line"
            },
            {
                "input": "str3615 str4740",
                "expected_output": "Enter a string: Enter the character to count:",
                "expected_error": "Exception in thread \"main\" java.util.NoSuchElementException: No line found\n\tat java.base/java.util.Scanner.nextLine(Scanner.java:1690)\n\tat CharacterCounter.main(CharacterCounter.java:10)",
                "translated_output": "Enter a string: Enter the character to count:",
                "translated_error": "Traceback (most recent call last):\n  File \"C:\\Users\\Asus\\OneDrive\\Desktop\\project\\testbed\\translated\\gemini\\program_10.py\", line 13, in <module>\n    main()\n  File \"C:\\Users\\Asus\\OneDrive\\Desktop\\project\\testbed\\translated\\gemini\\program_10.py\", line 3, in main\n    target_char = input(\"Enter the character to count: \")[0]\nEOFError: EOF when reading a line"
            },
            {
                "input": "str1122 str4142",
                "expected_output": "Enter a string: Enter the character to count:",
                "expected_error": "Exception in thread \"main\" java.util.NoSuchElementException: No line found\n\tat java.base/java.util.Scanner.nextLine(Scanner.java:1690)\n\tat CharacterCounter.main(CharacterCounter.java:10)",
                "translated_output": "Enter a string: Enter the character to count:",
                "translated_error": "Traceback (most recent call last):\n  File \"C:\\Users\\Asus\\OneDrive\\Desktop\\project\\testbed\\translated\\gemini\\program_10.py\", line 13, in <module>\n    main()\n  File \"C:\\Users\\Asus\\OneDrive\\Desktop\\project\\testbed\\translated\\gemini\\program_10.py\", line 3, in main\n    target_char = input(\"Enter the character to count: \")[0]\nEOFError: EOF when reading a line"
            },
            {
                "input": "str2509 str6593",
                "expected_output": "Enter a string: Enter the character to count:",
                "expected_error": "Exception in thread \"main\" java.util.NoSuchElementException: No line found\n\tat java.base/java.util.Scanner.nextLine(Scanner.java:1690)\n\tat CharacterCounter.main(CharacterCounter.java:10)",
                "translated_output": "Enter a string: Enter the character to count:",
                "translated_error": "Traceback (most recent call last):\n  File \"C:\\Users\\Asus\\OneDrive\\Desktop\\project\\testbed\\translated\\gemini\\program_10.py\", line 13, in <module>\n    main()\n  File \"C:\\Users\\Asus\\OneDrive\\Desktop\\project\\testbed\\translated\\gemini\\program_10.py\", line 3, in main\n    target_char = input(\"Enter the character to count: \")[0]\nEOFError: EOF when reading a line"
            },
            {
                "input": "str3887 str7907",
                "expected_output": "Enter a string: Enter the character to count:",
                "expected_error": "Exception in thread \"main\" java.util.NoSuchElementException: No line found\n\tat java.base/java.util.Scanner.nextLine(Scanner.java:1690)\n\tat CharacterCounter.main(CharacterCounter.java:10)",
                "translated_output": "Enter a string: Enter the character to count:",
                "translated_error": "Traceback (most recent call last):\n  File \"C:\\Users\\Asus\\OneDrive\\Desktop\\project\\testbed\\translated\\gemini\\program_10.py\", line 13, in <module>\n    main()\n  File \"C:\\Users\\Asus\\OneDrive\\Desktop\\project\\testbed\\translated\\gemini\\program_10.py\", line 3, in main\n    target_char = input(\"Enter the character to count: \")[0]\nEOFError: EOF when reading a line"
            },
            {
                "input": "str5303 str4651",
                "expected_output": "Enter a string: Enter the character to count:",
                "expected_error": "Exception in thread \"main\" java.util.NoSuchElementException: No line found\n\tat java.base/java.util.Scanner.nextLine(Scanner.java:1690)\n\tat CharacterCounter.main(CharacterCounter.java:10)",
                "translated_output": "Enter a string: Enter the character to count:",
                "translated_error": "Traceback (most recent call last):\n  File \"C:\\Users\\Asus\\OneDrive\\Desktop\\project\\testbed\\translated\\gemini\\program_10.py\", line 13, in <module>\n    main()\n  File \"C:\\Users\\Asus\\OneDrive\\Desktop\\project\\testbed\\translated\\gemini\\program_10.py\", line 3, in main\n    target_char = input(\"Enter the character to count: \")[0]\nEOFError: EOF when reading a line"
            }
        ],
        "program_2": [
            {
                "input": "1",
                "expected_output": "Enter an integer: 1 is an ODD number.",
                "expected_error": "",
                "translated_output": "Enter an integer: 1 is an ODD number.",
                "translated_error": ""
            },
            {
                "input": "-1000000000",
                "expected_output": "Enter an integer: -1000000000 is an EVEN number.",
                "expected_error": "",
                "translated_output": "Enter an integer: -1000000000 is an EVEN number.",
                "translated_error": ""
            },
            {
                "input": "-1000000000",
                "expected_output": "Enter an integer: -1000000000 is an EVEN number.",
                "expected_error": "",
                "translated_output": "Enter an integer: -1000000000 is an EVEN number.",
                "translated_error": ""
            },
            {
                "input": "-1",
                "expected_output": "Enter an integer: -1 is an ODD number.",
                "expected_error": "",
                "translated_output": "Enter an integer: -1 is an ODD number.",
                "translated_error": ""
            },
            {
                "input": "1000000000",
                "expected_output": "Enter an integer: 1000000000 is an EVEN number.",
                "expected_error": "",
                "translated_output": "Enter an integer: 1000000000 is an EVEN number.",
                "translated_error": ""
            },
            {
                "input": "-12646",
                "expected_output": "Enter an integer: -12646 is an EVEN number.",
                "expected_error": "",
                "translated_output": "Enter an integer: -12646 is an EVEN number.",
                "translated_error": ""
            },
            {
                "input": "327348",
                "expected_output": "Enter an integer: 327348 is an EVEN number.",
                "expected_error": "",
                "translated_output": "Enter an integer: 327348 is an EVEN number.",
                "translated_error": ""
            },
            {
                "input": "-12424",
                "expected_output": "Enter an integer: -12424 is an EVEN number.",
                "expected_error": "",
                "translated_output": "Enter an integer: -12424 is an EVEN number.",
                "translated_error": ""
            },
            {
                "input": "907686",
                "expected_output": "Enter an integer: 907686 is an EVEN number.",
                "expected_error": "",
                "translated_output": "Enter an integer: 907686 is an EVEN number.",
                "translated_error": ""
            },
            {
                "input": "-299168",
                "expected_output": "Enter an integer: -299168 is an EVEN number.",
                "expected_error": "",
                "translated_output": "Enter an integer: -299168 is an EVEN number.",
                "translated_error": ""
            }
        ],
        "program_3": [
            {
                "input": "-1000000000.0",
                "expected_output": "Enter the radius of the circle: The area of the circle is: 3.1415926535897933E18",
                "expected_error": "",
                "translated_output": "Enter the radius of the circle: The area of the circle is: 3.1415926535897933e+18",
                "translated_error": ""
            },
            {
                "input": "1000000000.0",
                "expected_output": "Enter the radius of the circle: The area of the circle is: 3.1415926535897933E18",
                "expected_error": "",
                "translated_output": "Enter the radius of the circle: The area of the circle is: 3.1415926535897933e+18",
                "translated_error": ""
            },
            {
                "input": "-1.0",
                "expected_output": "Enter the radius of the circle: The area of the circle is: 3.141592653589793",
                "expected_error": "",
                "translated_output": "Enter the radius of the circle: The area of the circle is: 3.141592653589793",
                "translated_error": ""
            },
            {
                "input": "0.0",
                "expected_output": "Enter the radius of the circle: The area of the circle is: 0.0",
                "expected_error": "",
                "translated_output": "Enter the radius of the circle: The area of the circle is: 0.0",
                "translated_error": ""
            },
            {
                "input": "-1000000000.0",
                "expected_output": "Enter the radius of the circle: The area of the circle is: 3.1415926535897933E18",
                "expected_error": "",
                "translated_output": "Enter the radius of the circle: The area of the circle is: 3.1415926535897933e+18",
                "translated_error": ""
            },
            {
                "input": "161414.7552",
                "expected_output": "Enter the radius of the circle: The area of the circle is: 8.185332698473604E10",
                "expected_error": "",
                "translated_output": "Enter the radius of the circle: The area of the circle is: 81853326984.73604",
                "translated_error": ""
            },
            {
                "input": "-44084.0149",
                "expected_output": "Enter the radius of the circle: The area of the circle is: 6.105372324443959E9",
                "expected_error": "",
                "translated_output": "Enter the radius of the circle: The area of the circle is: 6105372324.443959",
                "translated_error": ""
            },
            {
                "input": "762011.8528",
                "expected_output": "Enter the radius of the circle: The area of the circle is: 1.824203673876523E12",
                "expected_error": "",
                "translated_output": "Enter the radius of the circle: The area of the circle is: 1824203673876.523",
                "translated_error": ""
            },
            {
                "input": "-278715.0089",
                "expected_output": "Enter the radius of the circle: The area of the circle is: 2.440453770300864E11",
                "expected_error": "",
                "translated_output": "Enter the radius of the circle: The area of the circle is: 244045377030.0864",
                "translated_error": ""
            },
            {
                "input": "-216182.6964",
                "expected_output": "Enter the radius of the circle: The area of the circle is: 1.4682220141849448E11",
                "expected_error": "",
                "translated_output": "Enter the radius of the circle: The area of the circle is: 146822201418.49448",
                "translated_error": ""
            }
        ],
        "program_4": [
            {
                "input": "-1000000000.0 1000000000.0 -1000000000.0",
                "expected_output": "Enter Principal amount: Enter Rate of interest: Enter Time (in years): Simple Interest is: 1.0E25",
                "expected_error": "",
                "translated_output": "Enter Principal amount:",
                "translated_error": "Traceback (most recent call last):\n  File \"C:\\Users\\Asus\\OneDrive\\Desktop\\project\\testbed\\translated\\gemini\\program_4.py\", line 10, in <module>\n    main()\n  File \"C:\\Users\\Asus\\OneDrive\\Desktop\\project\\testbed\\translated\\gemini\\program_4.py\", line 2, in main\n    P = float(input(\"Enter Principal amount: \"))\nValueError: could not convert string to float: '-1000000000.0 1000000000.0 -1000000000.0'"
            },
            {
                "input": "1.0 -1000000000.0 1.0",
                "expected_output": "Enter Principal amount: Enter Rate of interest: Enter Time (in years): Simple Interest is: -1.0E7",
                "expected_error": "",
                "translated_output": "Enter Principal amount:",
                "translated_error": "Traceback (most recent call last):\n  File \"C:\\Users\\Asus\\OneDrive\\Desktop\\project\\testbed\\translated\\gemini\\program_4.py\", line 10, in <module>\n    main()\n  File \"C:\\Users\\Asus\\OneDrive\\Desktop\\project\\testbed\\translated\\gemini\\program_4.py\", line 2, in main\n    P = float(input(\"Enter Principal amount: \"))\nValueError: could not convert string to float: '1.0 -1000000000.0 1.0'"
            },
            {
                "input": "1.0 0.0 1000000000.0",
                "expected_output": "Enter Principal amount: Enter Rate of interest: Enter Time (in years): Simple Interest is: 0.0",
                "expected_error": "",
                "translated_output": "Enter Principal amount:",
                "translated_error": "Traceback (most recent call last):\n  File \"C:\\Users\\Asus\\OneDrive\\Desktop\\project\\testbed\\translated\\gemini\\program_4.py\", line 10, in <module>\n    main()\n  File \"C:\\Users\\Asus\\OneDrive\\Desktop\\project\\testbed\\translated\\gemini\\program_4.py\", line 2, in main\n    P = float(input(\"Enter Principal amount: \"))\nValueError: could not convert string to float: '1.0 0.0 1000000000.0'"
            },
            {
                "input": "-1.0 -1000000000.0 -1.0",
                "expected_output": "Enter Principal amount: Enter Rate of interest: Enter Time (in years): Simple Interest is: -1.0E7",
                "expected_error": "",
                "translated_output": "Enter Principal amount:",
                "translated_error": "Traceback (most recent call last):\n  File \"C:\\Users\\Asus\\OneDrive\\Desktop\\project\\testbed\\translated\\gemini\\program_4.py\", line 10, in <module>\n    main()\n  File \"C:\\Users\\Asus\\OneDrive\\Desktop\\project\\testbed\\translated\\gemini\\program_4.py\", line 2, in main\n    P = float(input(\"Enter Principal amount: \"))\nValueError: could not convert string to float: '-1.0 -1000000000.0 -1.0'"
            },
            {
                "input": "1000000000.0 -1.0 0.0",
                "expected_output": "Enter Principal amount: Enter Rate of interest: Enter Time (in years): Simple Interest is: -0.0",
                "expected_error": "",
                "translated_output": "Enter Principal amount:",
                "translated_error": "Traceback (most recent call last):\n  File \"C:\\Users\\Asus\\OneDrive\\Desktop\\project\\testbed\\translated\\gemini\\program_4.py\", line 10, in <module>\n    main()\n  File \"C:\\Users\\Asus\\OneDrive\\Desktop\\project\\testbed\\translated\\gemini\\program_4.py\", line 2, in main\n    P = float(input(\"Enter Principal amount: \"))\nValueError: could not convert string to float: '1000000000.0 -1.0 0.0'"
            },
            {
                "input": "519802.5768 180059.2521 -465722.993",
                "expected_output": "Enter Principal amount: Enter Rate of interest: Enter Time (in years): Simple Interest is: -4.358946611663124E14",
                "expected_error": "",
                "translated_output": "Enter Principal amount:",
                "translated_error": "Traceback (most recent call last):\n  File \"C:\\Users\\Asus\\OneDrive\\Desktop\\project\\testbed\\translated\\gemini\\program_4.py\", line 10, in <module>\n    main()\n  File \"C:\\Users\\Asus\\OneDrive\\Desktop\\project\\testbed\\translated\\gemini\\program_4.py\", line 2, in main\n    P = float(input(\"Enter Principal amount: \"))\nValueError: could not convert string to float: '519802.5768 180059.2521 -465722.993'"
            },
            {
                "input": "669800.5766 -42630.9331 616746.7067",
                "expected_output": "Enter Principal amount: Enter Rate of interest: Enter Time (in years): Simple Interest is: -1.7610723350021678E14",
                "expected_error": "",
                "translated_output": "Enter Principal amount:",
                "translated_error": "Traceback (most recent call last):\n  File \"C:\\Users\\Asus\\OneDrive\\Desktop\\project\\testbed\\translated\\gemini\\program_4.py\", line 10, in <module>\n    main()\n  File \"C:\\Users\\Asus\\OneDrive\\Desktop\\project\\testbed\\translated\\gemini\\program_4.py\", line 2, in main\n    P = float(input(\"Enter Principal amount: \"))\nValueError: could not convert string to float: '669800.5766 -42630.9331 616746.7067'"
            },
            {
                "input": "-527614.344 -671601.8822 -837396.7854",
                "expected_output": "Enter Principal amount: Enter Rate of interest: Enter Time (in years): Simple Interest is: -2.967288599370436E15",
                "expected_error": "",
                "translated_output": "Enter Principal amount:",
                "translated_error": "Traceback (most recent call last):\n  File \"C:\\Users\\Asus\\OneDrive\\Desktop\\project\\testbed\\translated\\gemini\\program_4.py\", line 10, in <module>\n    main()\n  File \"C:\\Users\\Asus\\OneDrive\\Desktop\\project\\testbed\\translated\\gemini\\program_4.py\", line 2, in main\n    P = float(input(\"Enter Principal amount: \"))\nValueError: could not convert string to float: '-527614.344 -671601.8822 -837396.7854'"
            },
            {
                "input": "-892286.8852 -991778.3858 243108.6044",
                "expected_output": "Enter Principal amount: Enter Rate of interest: Enter Time (in years): Simple Interest is: 2.1513916529755488E15",
                "expected_error": "",
                "translated_output": "Enter Principal amount:",
                "translated_error": "Traceback (most recent call last):\n  File \"C:\\Users\\Asus\\OneDrive\\Desktop\\project\\testbed\\translated\\gemini\\program_4.py\", line 10, in <module>\n    main()\n  File \"C:\\Users\\Asus\\OneDrive\\Desktop\\project\\testbed\\translated\\gemini\\program_4.py\", line 2, in main\n    P = float(input(\"Enter Principal amount: \"))\nValueError: could not convert string to float: '-892286.8852 -991778.3858 243108.6044'"
            },
            {
                "input": "-960486.744 -707214.0902 -888419.777",
                "expected_output": "Enter Principal amount: Enter Rate of interest: Enter Time (in years): Simple Interest is: -6.034766876422656E15",
                "expected_error": "",
                "translated_output": "Enter Principal amount:",
                "translated_error": "Traceback (most recent call last):\n  File \"C:\\Users\\Asus\\OneDrive\\Desktop\\project\\testbed\\translated\\gemini\\program_4.py\", line 10, in <module>\n    main()\n  File \"C:\\Users\\Asus\\OneDrive\\Desktop\\project\\testbed\\translated\\gemini\\program_4.py\", line 2, in main\n    P = float(input(\"Enter Principal amount: \"))\nValueError: could not convert string to float: '-960486.744 -707214.0902 -888419.777'"
            }
        ],
        "program_5": [
            {
                "input": "",
                "expected_output": "Enter a word or phrase: '' is a Palindrome.",
                "expected_error": "",
                "translated_output": "",
                "translated_error": "File \"C:\\Users\\Asus\\OneDrive\\Desktop\\project\\testbed\\translated\\gemini\\program_5.py\", line 5\n    else:\n    ^\nIndentationError: expected an indented block"
            },
            {
                "input": "1234",
                "expected_output": "Enter a word or phrase: '1234' is NOT a Palindrome.",
                "expected_error": "",
                "translated_output": "",
                "translated_error": "File \"C:\\Users\\Asus\\OneDrive\\Desktop\\project\\testbed\\translated\\gemini\\program_5.py\", line 5\n    else:\n    ^\nIndentationError: expected an indented block"
            },
            {
                "input": "1234",
                "expected_output": "Enter a word or phrase: '1234' is NOT a Palindrome.",
                "expected_error": "",
                "translated_output": "",
                "translated_error": "File \"C:\\Users\\Asus\\OneDrive\\Desktop\\project\\testbed\\translated\\gemini\\program_5.py\", line 5\n    else:\n    ^\nIndentationError: expected an indented block"
            },
            {
                "input": "abc",
                "expected_output": "Enter a word or phrase: 'abc' is NOT a Palindrome.",
                "expected_error": "",
                "translated_output": "",
                "translated_error": "File \"C:\\Users\\Asus\\OneDrive\\Desktop\\project\\testbed\\translated\\gemini\\program_5.py\", line 5\n    else:\n    ^\nIndentationError: expected an indented block"
            },
            {
                "input": "xxxxxxxxxxxxxxxxxxxxxxxxxxxxxxxxxxxxxxxxxxxxxxxxxxxxxxxxxxxxxxxxxxxxxxxxxxxxxxxxxxxxxxxxxxxxxxxxxxxx",
                "expected_output": "Enter a word or phrase: 'xxxxxxxxxxxxxxxxxxxxxxxxxxxxxxxxxxxxxxxxxxxxxxxxxxxxxxxxxxxxxxxxxxxxxxxxxxxxxxxxxxxxxxxxxxxxxxxxxxxx' is a Palindrome.",
                "expected_error": "",
                "translated_output": "",
                "translated_error": "File \"C:\\Users\\Asus\\OneDrive\\Desktop\\project\\testbed\\translated\\gemini\\program_5.py\", line 5\n    else:\n    ^\nIndentationError: expected an indented block"
            },
            {
                "input": "str8753",
                "expected_output": "Enter a word or phrase: 'str8753' is NOT a Palindrome.",
                "expected_error": "",
                "translated_output": "",
                "translated_error": "File \"C:\\Users\\Asus\\OneDrive\\Desktop\\project\\testbed\\translated\\gemini\\program_5.py\", line 5\n    else:\n    ^\nIndentationError: expected an indented block"
            },
            {
                "input": "str9779",
                "expected_output": "Enter a word or phrase: 'str9779' is NOT a Palindrome.",
                "expected_error": "",
                "translated_output": "",
                "translated_error": "File \"C:\\Users\\Asus\\OneDrive\\Desktop\\project\\testbed\\translated\\gemini\\program_5.py\", line 5\n    else:\n    ^\nIndentationError: expected an indented block"
            },
            {
                "input": "str7275",
                "expected_output": "Enter a word or phrase: 'str7275' is NOT a Palindrome.",
                "expected_error": "",
                "translated_output": "",
                "translated_error": "File \"C:\\Users\\Asus\\OneDrive\\Desktop\\project\\testbed\\translated\\gemini\\program_5.py\", line 5\n    else:\n    ^\nIndentationError: expected an indented block"
            },
            {
                "input": "str2794",
                "expected_output": "Enter a word or phrase: 'str2794' is NOT a Palindrome.",
                "expected_error": "",
                "translated_output": "",
                "translated_error": "File \"C:\\Users\\Asus\\OneDrive\\Desktop\\project\\testbed\\translated\\gemini\\program_5.py\", line 5\n    else:\n    ^\nIndentationError: expected an indented block"
            },
            {
                "input": "str7239",
                "expected_output": "Enter a word or phrase: 'str7239' is NOT a Palindrome.",
                "expected_error": "",
                "translated_output": "",
                "translated_error": "File \"C:\\Users\\Asus\\OneDrive\\Desktop\\project\\testbed\\translated\\gemini\\program_5.py\", line 5\n    else:\n    ^\nIndentationError: expected an indented block"
            }
        ],
        "program_6": [
            {
                "input": "1",
                "expected_output": "Enter an integer to see its multiplication table: --- Table of 1 ---\n1 x 1 = 1\n1 x 2 = 2\n1 x 3 = 3\n1 x 4 = 4\n1 x 5 = 5\n1 x 6 = 6\n1 x 7 = 7\n1 x 8 = 8\n1 x 9 = 9\n1 x 10 = 10",
                "expected_error": "",
                "translated_output": "Enter an integer to see its multiplication table: --- Table of 1 ---\n1 x 1 = 1\n1 x 2 = 2\n1 x 3 = 3\n1 x 4 = 4\n1 x 5 = 5\n1 x 6 = 6\n1 x 7 = 7\n1 x 8 = 8\n1 x 9 = 9\n1 x 10 = 10",
                "translated_error": ""
            },
            {
                "input": "1000000000",
                "expected_output": "Enter an integer to see its multiplication table: --- Table of 1000000000 ---\n1000000000 x 1 = 1000000000\n1000000000 x 2 = 2000000000\n1000000000 x 3 = -1294967296\n1000000000 x 4 = -294967296\n1000000000 x 5 = 705032704\n1000000000 x 6 = 1705032704\n1000000000 x 7 = -1589934592\n1000000000 x 8 = -589934592\n1000000000 x 9 = 410065408\n1000000000 x 10 = 1410065408",
                "expected_error": "",
                "translated_output": "Enter an integer to see its multiplication table: --- Table of 1000000000 ---\n1000000000 x 1 = 1000000000\n1000000000 x 2 = 2000000000\n1000000000 x 3 = 3000000000\n1000000000 x 4 = 4000000000\n1000000000 x 5 = 5000000000\n1000000000 x 6 = 6000000000\n1000000000 x 7 = 7000000000\n1000000000 x 8 = 8000000000\n1000000000 x 9 = 9000000000\n1000000000 x 10 = 10000000000",
                "translated_error": ""
            },
            {
                "input": "0",
                "expected_output": "Enter an integer to see its multiplication table: --- Table of 0 ---\n0 x 1 = 0\n0 x 2 = 0\n0 x 3 = 0\n0 x 4 = 0\n0 x 5 = 0\n0 x 6 = 0\n0 x 7 = 0\n0 x 8 = 0\n0 x 9 = 0\n0 x 10 = 0",
                "expected_error": "",
                "translated_output": "Enter an integer to see its multiplication table: --- Table of 0 ---\n0 x 1 = 0\n0 x 2 = 0\n0 x 3 = 0\n0 x 4 = 0\n0 x 5 = 0\n0 x 6 = 0\n0 x 7 = 0\n0 x 8 = 0\n0 x 9 = 0\n0 x 10 = 0",
                "translated_error": ""
            },
            {
                "input": "0",
                "expected_output": "Enter an integer to see its multiplication table: --- Table of 0 ---\n0 x 1 = 0\n0 x 2 = 0\n0 x 3 = 0\n0 x 4 = 0\n0 x 5 = 0\n0 x 6 = 0\n0 x 7 = 0\n0 x 8 = 0\n0 x 9 = 0\n0 x 10 = 0",
                "expected_error": "",
                "translated_output": "Enter an integer to see its multiplication table: --- Table of 0 ---\n0 x 1 = 0\n0 x 2 = 0\n0 x 3 = 0\n0 x 4 = 0\n0 x 5 = 0\n0 x 6 = 0\n0 x 7 = 0\n0 x 8 = 0\n0 x 9 = 0\n0 x 10 = 0",
                "translated_error": ""
            },
            {
                "input": "-1",
                "expected_output": "Enter an integer to see its multiplication table: --- Table of -1 ---\n-1 x 1 = -1\n-1 x 2 = -2\n-1 x 3 = -3\n-1 x 4 = -4\n-1 x 5 = -5\n-1 x 6 = -6\n-1 x 7 = -7\n-1 x 8 = -8\n-1 x 9 = -9\n-1 x 10 = -10",
                "expected_error": "",
                "translated_output": "Enter an integer to see its multiplication table: --- Table of -1 ---\n-1 x 1 = -1\n-1 x 2 = -2\n-1 x 3 = -3\n-1 x 4 = -4\n-1 x 5 = -5\n-1 x 6 = -6\n-1 x 7 = -7\n-1 x 8 = -8\n-1 x 9 = -9\n-1 x 10 = -10",
                "translated_error": ""
            },
            {
                "input": "-315361",
                "expected_output": "Enter an integer to see its multiplication table: --- Table of -315361 ---\n-315361 x 1 = -315361\n-315361 x 2 = -630722\n-315361 x 3 = -946083\n-315361 x 4 = -1261444\n-315361 x 5 = -1576805\n-315361 x 6 = -1892166\n-315361 x 7 = -2207527\n-315361 x 8 = -2522888\n-315361 x 9 = -2838249\n-315361 x 10 = -3153610",
                "expected_error": "",
                "translated_output": "Enter an integer to see its multiplication table: --- Table of -315361 ---\n-315361 x 1 = -315361\n-315361 x 2 = -630722\n-315361 x 3 = -946083\n-315361 x 4 = -1261444\n-315361 x 5 = -1576805\n-315361 x 6 = -1892166\n-315361 x 7 = -2207527\n-315361 x 8 = -2522888\n-315361 x 9 = -2838249\n-315361 x 10 = -3153610",
                "translated_error": ""
            },
            {
                "input": "-465562",
                "expected_output": "Enter an integer to see its multiplication table: --- Table of -465562 ---\n-465562 x 1 = -465562\n-465562 x 2 = -931124\n-465562 x 3 = -1396686\n-465562 x 4 = -1862248\n-465562 x 5 = -2327810\n-465562 x 6 = -2793372\n-465562 x 7 = -3258934\n-465562 x 8 = -3724496\n-465562 x 9 = -4190058\n-465562 x 10 = -4655620",
                "expected_error": "",
                "translated_output": "Enter an integer to see its multiplication table: --- Table of -465562 ---\n-465562 x 1 = -465562\n-465562 x 2 = -931124\n-465562 x 3 = -1396686\n-465562 x 4 = -1862248\n-465562 x 5 = -2327810\n-465562 x 6 = -2793372\n-465562 x 7 = -3258934\n-465562 x 8 = -3724496\n-465562 x 9 = -4190058\n-465562 x 10 = -4655620",
                "translated_error": ""
            },
            {
                "input": "-918905",
                "expected_output": "Enter an integer to see its multiplication table: --- Table of -918905 ---\n-918905 x 1 = -918905\n-918905 x 2 = -1837810\n-918905 x 3 = -2756715\n-918905 x 4 = -3675620\n-918905 x 5 = -4594525\n-918905 x 6 = -5513430\n-918905 x 7 = -6432335\n-918905 x 8 = -7351240\n-918905 x 9 = -8270145\n-918905 x 10 = -9189050",
                "expected_error": "",
                "translated_output": "Enter an integer to see its multiplication table: --- Table of -918905 ---\n-918905 x 1 = -918905\n-918905 x 2 = -1837810\n-918905 x 3 = -2756715\n-918905 x 4 = -3675620\n-918905 x 5 = -4594525\n-918905 x 6 = -5513430\n-918905 x 7 = -6432335\n-918905 x 8 = -7351240\n-918905 x 9 = -8270145\n-918905 x 10 = -9189050",
                "translated_error": ""
            },
            {
                "input": "648956",
                "expected_output": "Enter an integer to see its multiplication table: --- Table of 648956 ---\n648956 x 1 = 648956\n648956 x 2 = 1297912\n648956 x 3 = 1946868\n648956 x 4 = 2595824\n648956 x 5 = 3244780\n648956 x 6 = 3893736\n648956 x 7 = 4542692\n648956 x 8 = 5191648\n648956 x 9 = 5840604\n648956 x 10 = 6489560",
                "expected_error": "",
                "translated_output": "Enter an integer to see its multiplication table: --- Table of 648956 ---\n648956 x 1 = 648956\n648956 x 2 = 1297912\n648956 x 3 = 1946868\n648956 x 4 = 2595824\n648956 x 5 = 3244780\n648956 x 6 = 3893736\n648956 x 7 = 4542692\n648956 x 8 = 5191648\n648956 x 9 = 5840604\n648956 x 10 = 6489560",
                "translated_error": ""
            },
            {
                "input": "-447694",
                "expected_output": "Enter an integer to see its multiplication table: --- Table of -447694 ---\n-447694 x 1 = -447694\n-447694 x 2 = -895388\n-447694 x 3 = -1343082\n-447694 x 4 = -1790776\n-447694 x 5 = -2238470\n-447694 x 6 = -2686164\n-447694 x 7 = -3133858\n-447694 x 8 = -3581552\n-447694 x 9 = -4029246\n-447694 x 10 = -4476940",
                "expected_error": "",
                "translated_output": "Enter an integer to see its multiplication table: --- Table of -447694 ---\n-447694 x 1 = -447694\n-447694 x 2 = -895388\n-447694 x 3 = -1343082\n-447694 x 4 = -1790776\n-447694 x 5 = -2238470\n-447694 x 6 = -2686164\n-447694 x 7 = -3133858\n-447694 x 8 = -3581552\n-447694 x 9 = -4029246\n-447694 x 10 = -4476940",
                "translated_error": ""
            }
        ],
        "program_7": [
            {
                "input": "-1 -1 -1",
                "expected_output": "Enter first number: Enter second number: Enter third number: The largest number is: -1",
                "expected_error": "",
                "translated_output": "Enter first number:",
                "translated_error": "Traceback (most recent call last):\n  File \"C:\\Users\\Asus\\OneDrive\\Desktop\\project\\testbed\\translated\\gemini\\program_7.py\", line 15, in <module>\n    main()\n  File \"C:\\Users\\Asus\\OneDrive\\Desktop\\project\\testbed\\translated\\gemini\\program_7.py\", line 2, in main\n    a = int(input(\"Enter first number: \"))\nValueError: invalid literal for int() with base 10: '-1 -1 -1'"
            },
            {
                "input": "1 1 1000000000",
                "expected_output": "Enter first number: Enter second number: Enter third number: The largest number is: 1000000000",
                "expected_error": "",
                "translated_output": "Enter first number:",
                "translated_error": "Traceback (most recent call last):\n  File \"C:\\Users\\Asus\\OneDrive\\Desktop\\project\\testbed\\translated\\gemini\\program_7.py\", line 15, in <module>\n    main()\n  File \"C:\\Users\\Asus\\OneDrive\\Desktop\\project\\testbed\\translated\\gemini\\program_7.py\", line 2, in main\n    a = int(input(\"Enter first number: \"))\nValueError: invalid literal for int() with base 10: '1 1 1000000000'"
            },
            {
                "input": "-1 0 -1000000000",
                "expected_output": "Enter first number: Enter second number: Enter third number: The largest number is: 0",
                "expected_error": "",
                "translated_output": "Enter first number:",
                "translated_error": "Traceback (most recent call last):\n  File \"C:\\Users\\Asus\\OneDrive\\Desktop\\project\\testbed\\translated\\gemini\\program_7.py\", line 15, in <module>\n    main()\n  File \"C:\\Users\\Asus\\OneDrive\\Desktop\\project\\testbed\\translated\\gemini\\program_7.py\", line 2, in main\n    a = int(input(\"Enter first number: \"))\nValueError: invalid literal for int() with base 10: '-1 0 -1000000000'"
            },
            {
                "input": "1 1 -1",
                "expected_output": "Enter first number: Enter second number: Enter third number: The largest number is: 1",
                "expected_error": "",
                "translated_output": "Enter first number:",
                "translated_error": "Traceback (most recent call last):\n  File \"C:\\Users\\Asus\\OneDrive\\Desktop\\project\\testbed\\translated\\gemini\\program_7.py\", line 15, in <module>\n    main()\n  File \"C:\\Users\\Asus\\OneDrive\\Desktop\\project\\testbed\\translated\\gemini\\program_7.py\", line 2, in main\n    a = int(input(\"Enter first number: \"))\nValueError: invalid literal for int() with base 10: '1 1 -1'"
            },
            {
                "input": "-1 0 -1",
                "expected_output": "Enter first number: Enter second number: Enter third number: The largest number is: 0",
                "expected_error": "",
                "translated_output": "Enter first number:",
                "translated_error": "Traceback (most recent call last):\n  File \"C:\\Users\\Asus\\OneDrive\\Desktop\\project\\testbed\\translated\\gemini\\program_7.py\", line 15, in <module>\n    main()\n  File \"C:\\Users\\Asus\\OneDrive\\Desktop\\project\\testbed\\translated\\gemini\\program_7.py\", line 2, in main\n    a = int(input(\"Enter first number: \"))\nValueError: invalid literal for int() with base 10: '-1 0 -1'"
            },
            {
                "input": "-208614 -704366 157828",
                "expected_output": "Enter first number: Enter second number: Enter third number: The largest number is: 157828",
                "expected_error": "",
                "translated_output": "Enter first number:",
                "translated_error": "Traceback (most recent call last):\n  File \"C:\\Users\\Asus\\OneDrive\\Desktop\\project\\testbed\\translated\\gemini\\program_7.py\", line 15, in <module>\n    main()\n  File \"C:\\Users\\Asus\\OneDrive\\Desktop\\project\\testbed\\translated\\gemini\\program_7.py\", line 2, in main\n    a = int(input(\"Enter first number: \"))\nValueError: invalid literal for int() with base 10: '-208614 -704366 157828'"
            },
            {
                "input": "42850 667850 977829",
                "expected_output": "Enter first number: Enter second number: Enter third number: The largest number is: 977829",
                "expected_error": "",
                "translated_output": "Enter first number:",
                "translated_error": "Traceback (most recent call last):\n  File \"C:\\Users\\Asus\\OneDrive\\Desktop\\project\\testbed\\translated\\gemini\\program_7.py\", line 15, in <module>\n    main()\n  File \"C:\\Users\\Asus\\OneDrive\\Desktop\\project\\testbed\\translated\\gemini\\program_7.py\", line 2, in main\n    a = int(input(\"Enter first number: \"))\nValueError: invalid literal for int() with base 10: '42850 667850 977829'"
            },
            {
                "input": "-261317 -150592 -474573",
                "expected_output": "Enter first number: Enter second number: Enter third number: The largest number is: -150592",
                "expected_error": "",
                "translated_output": "Enter first number:",
                "translated_error": "Traceback (most recent call last):\n  File \"C:\\Users\\Asus\\OneDrive\\Desktop\\project\\testbed\\translated\\gemini\\program_7.py\", line 15, in <module>\n    main()\n  File \"C:\\Users\\Asus\\OneDrive\\Desktop\\project\\testbed\\translated\\gemini\\program_7.py\", line 2, in main\n    a = int(input(\"Enter first number: \"))\nValueError: invalid literal for int() with base 10: '-261317 -150592 -474573'"
            },
            {
                "input": "110165 900647 224019",
                "expected_output": "Enter first number: Enter second number: Enter third number: The largest number is: 900647",
                "expected_error": "",
                "translated_output": "Enter first number:",
                "translated_error": "Traceback (most recent call last):\n  File \"C:\\Users\\Asus\\OneDrive\\Desktop\\project\\testbed\\translated\\gemini\\program_7.py\", line 15, in <module>\n    main()\n  File \"C:\\Users\\Asus\\OneDrive\\Desktop\\project\\testbed\\translated\\gemini\\program_7.py\", line 2, in main\n    a = int(input(\"Enter first number: \"))\nValueError: invalid literal for int() with base 10: '110165 900647 224019'"
            },
            {
                "input": "-369693 703523 -556937",
                "expected_output": "Enter first number: Enter second number: Enter third number: The largest number is: 703523",
                "expected_error": "",
                "translated_output": "Enter first number:",
                "translated_error": "Traceback (most recent call last):\n  File \"C:\\Users\\Asus\\OneDrive\\Desktop\\project\\testbed\\translated\\gemini\\program_7.py\", line 15, in <module>\n    main()\n  File \"C:\\Users\\Asus\\OneDrive\\Desktop\\project\\testbed\\translated\\gemini\\program_7.py\", line 2, in main\n    a = int(input(\"Enter first number: \"))\nValueError: invalid literal for int() with base 10: '-369693 703523 -556937'"
            }
        ],
        "program_8": [
            {
                "input": "-1.0",
                "expected_output": "Enter temperature in Celsius: -1.0\u00b0C is equal to 30.2\u00b0F",
                "expected_error": "",
                "translated_output": "Enter temperature in Celsius: -1.0\ufffdC is equal to 30.2\ufffdF",
                "translated_error": ""
            },
            {
                "input": "1000000000.0",
                "expected_output": "Enter temperature in Celsius: 1.0E9\u00b0C is equal to 1.800000032E9\u00b0F",
                "expected_error": "",
                "translated_output": "Enter temperature in Celsius: 1000000000.0\ufffdC is equal to 1800000032.0\ufffdF",
                "translated_error": ""
            },
            {
                "input": "1.0",
                "expected_output": "Enter temperature in Celsius: 1.0\u00b0C is equal to 33.8\u00b0F",
                "expected_error": "",
                "translated_output": "Enter temperature in Celsius: 1.0\ufffdC is equal to 33.8\ufffdF",
                "translated_error": ""
            },
            {
                "input": "1.0",
                "expected_output": "Enter temperature in Celsius: 1.0\u00b0C is equal to 33.8\u00b0F",
                "expected_error": "",
                "translated_output": "Enter temperature in Celsius: 1.0\ufffdC is equal to 33.8\ufffdF",
                "translated_error": ""
            },
            {
                "input": "1000000000.0",
                "expected_output": "Enter temperature in Celsius: 1.0E9\u00b0C is equal to 1.800000032E9\u00b0F",
                "expected_error": "",
                "translated_output": "Enter temperature in Celsius: 1000000000.0\ufffdC is equal to 1800000032.0\ufffdF",
                "translated_error": ""
            },
            {
                "input": "-742556.8088",
                "expected_output": "Enter temperature in Celsius: -742556.8088\u00b0C is equal to -1336570.25584\u00b0F",
                "expected_error": "",
                "translated_output": "Enter temperature in Celsius: -742556.8088\ufffdC is equal to -1336570.25584\ufffdF",
                "translated_error": ""
            },
            {
                "input": "-21250.833",
                "expected_output": "Enter temperature in Celsius: -21250.833\u00b0C is equal to -38219.49939999999\u00b0F",
                "expected_error": "",
                "translated_output": "Enter temperature in Celsius: -21250.833\ufffdC is equal to -38219.49939999999\ufffdF",
                "translated_error": ""
            },
            {
                "input": "244533.0371",
                "expected_output": "Enter temperature in Celsius: 244533.0371\u00b0C is equal to 440191.46678\u00b0F",
                "expected_error": "",
                "translated_output": "Enter temperature in Celsius: 244533.0371\ufffdC is equal to 440191.46678\ufffdF",
                "translated_error": ""
            },
            {
                "input": "-847846.2303",
                "expected_output": "Enter temperature in Celsius: -847846.2303\u00b0C is equal to -1526091.21454\u00b0F",
                "expected_error": "",
                "translated_output": "Enter temperature in Celsius: -847846.2303\ufffdC is equal to -1526091.21454\ufffdF",
                "translated_error": ""
            },
            {
                "input": "-225123.4948",
                "expected_output": "Enter temperature in Celsius: -225123.4948\u00b0C is equal to -405190.29063999996\u00b0F",
                "expected_error": "",
                "translated_output": "Enter temperature in Celsius: -225123.4948\ufffdC is equal to -405190.29063999996\ufffdF",
                "translated_error": ""
            }
        ],
        "program_9": [
            {
                "input": "-1",
                "expected_output": "Enter a non-negative integer: The factorial of -1 is: 1",
                "expected_error": "",
                "translated_output": "Enter a non-negative integer: The factorial of -1 is: 1",
                "translated_error": ""
            },
            {
                "input": "0",
                "expected_output": "Enter a non-negative integer: The factorial of 0 is: 1",
                "expected_error": "",
                "translated_output": "Enter a non-negative integer: The factorial of 0 is: 1",
                "translated_error": ""
            },
            {
                "input": "-1",
                "expected_output": "Enter a non-negative integer: The factorial of -1 is: 1",
                "expected_error": "",
                "translated_output": "Enter a non-negative integer: The factorial of -1 is: 1",
                "translated_error": ""
            },
            {
                "input": "-1000000000",
                "expected_output": "Enter a non-negative integer: The factorial of -1000000000 is: 1",
                "expected_error": "",
                "translated_output": "Enter a non-negative integer: The factorial of -1000000000 is: 1",
                "translated_error": ""
            },
            {
                "input": "-1",
                "expected_output": "Enter a non-negative integer: The factorial of -1 is: 1",
                "expected_error": "",
                "translated_output": "Enter a non-negative integer: The factorial of -1 is: 1",
                "translated_error": ""
            },
            {
                "input": "-373280",
                "expected_output": "Enter a non-negative integer: The factorial of -373280 is: 1",
                "expected_error": "",
                "translated_output": "Enter a non-negative integer: The factorial of -373280 is: 1",
                "translated_error": ""
            },
            {
                "input": "106677",
                "expected_output": "Enter a non-negative integer: The factorial of 106677 is: 0",
                "expected_error": "",
                "translated_output": "",
                "translated_error": "[TIMEOUT]"
            },
            {
                "input": "683149",
                "expected_output": "Enter a non-negative integer: The factorial of 683149 is: 0",
                "expected_error": "",
                "translated_output": "",
                "translated_error": "[TIMEOUT]"
            },
            {
                "input": "-706820",
                "expected_output": "Enter a non-negative integer: The factorial of -706820 is: 1",
                "expected_error": "",
                "translated_output": "Enter a non-negative integer: The factorial of -706820 is: 1",
                "translated_error": ""
            },
            {
                "input": "-650214",
                "expected_output": "Enter a non-negative integer: The factorial of -650214 is: 1",
                "expected_error": "",
                "translated_output": "Enter a non-negative integer: The factorial of -650214 is: 1",
                "translated_error": ""
            }
        ]
    },
    "hybrid": {
        "program_1": [
            {
                "input": "1000000000 0",
                "expected_output": "Enter the first number: Enter the second number: The sum is: 1000000000",
                "expected_error": "",
                "translated_output": "Enter the first number:",
                "translated_error": "Traceback (most recent call last):\n  File \"C:\\Users\\Asus\\OneDrive\\Desktop\\project\\testbed\\translated\\hybrid\\program_1.py\", line 3, in <module>\n    num1 = int(input(\"Enter the first number: \"))\nValueError: invalid literal for int() with base 10: '1000000000 0'"
            },
            {
                "input": "-1 1",
                "expected_output": "Enter the first number: Enter the second number: The sum is: 0",
                "expected_error": "",
                "translated_output": "Enter the first number:",
                "translated_error": "Traceback (most recent call last):\n  File \"C:\\Users\\Asus\\OneDrive\\Desktop\\project\\testbed\\translated\\hybrid\\program_1.py\", line 3, in <module>\n    num1 = int(input(\"Enter the first number: \"))\nValueError: invalid literal for int() with base 10: '-1 1'"
            },
            {
                "input": "-1 -1000000000",
                "expected_output": "Enter the first number: Enter the second number: The sum is: -1000000001",
                "expected_error": "",
                "translated_output": "Enter the first number:",
                "translated_error": "Traceback (most recent call last):\n  File \"C:\\Users\\Asus\\OneDrive\\Desktop\\project\\testbed\\translated\\hybrid\\program_1.py\", line 3, in <module>\n    num1 = int(input(\"Enter the first number: \"))\nValueError: invalid literal for int() with base 10: '-1 -1000000000'"
            },
            {
                "input": "1 1",
                "expected_output": "Enter the first number: Enter the second number: The sum is: 2",
                "expected_error": "",
                "translated_output": "Enter the first number:",
                "translated_error": "Traceback (most recent call last):\n  File \"C:\\Users\\Asus\\OneDrive\\Desktop\\project\\testbed\\translated\\hybrid\\program_1.py\", line 3, in <module>\n    num1 = int(input(\"Enter the first number: \"))\nValueError: invalid literal for int() with base 10: '1 1'"
            },
            {
                "input": "1 1000000000",
                "expected_output": "Enter the first number: Enter the second number: The sum is: 1000000001",
                "expected_error": "",
                "translated_output": "Enter the first number:",
                "translated_error": "Traceback (most recent call last):\n  File \"C:\\Users\\Asus\\OneDrive\\Desktop\\project\\testbed\\translated\\hybrid\\program_1.py\", line 3, in <module>\n    num1 = int(input(\"Enter the first number: \"))\nValueError: invalid literal for int() with base 10: '1 1000000000'"
            },
            {
                "input": "-760306 37258",
                "expected_output": "Enter the first number: Enter the second number: The sum is: -723048",
                "expected_error": "",
                "translated_output": "Enter the first number:",
                "translated_error": "Traceback (most recent call last):\n  File \"C:\\Users\\Asus\\OneDrive\\Desktop\\project\\testbed\\translated\\hybrid\\program_1.py\", line 3, in <module>\n    num1 = int(input(\"Enter the first number: \"))\nValueError: invalid literal for int() with base 10: '-760306 37258'"
            },
            {
                "input": "-162986 434020",
                "expected_output": "Enter the first number: Enter the second number: The sum is: 271034",
                "expected_error": "",
                "translated_output": "Enter the first number:",
                "translated_error": "Traceback (most recent call last):\n  File \"C:\\Users\\Asus\\OneDrive\\Desktop\\project\\testbed\\translated\\hybrid\\program_1.py\", line 3, in <module>\n    num1 = int(input(\"Enter the first number: \"))\nValueError: invalid literal for int() with base 10: '-162986 434020'"
            },
            {
                "input": "89064 247488",
                "expected_output": "Enter the first number: Enter the second number: The sum is: 336552",
                "expected_error": "",
                "translated_output": "Enter the first number:",
                "translated_error": "Traceback (most recent call last):\n  File \"C:\\Users\\Asus\\OneDrive\\Desktop\\project\\testbed\\translated\\hybrid\\program_1.py\", line 3, in <module>\n    num1 = int(input(\"Enter the first number: \"))\nValueError: invalid literal for int() with base 10: '89064 247488'"
            },
            {
                "input": "-103622 67510",
                "expected_output": "Enter the first number: Enter the second number: The sum is: -36112",
                "expected_error": "",
                "translated_output": "Enter the first number:",
                "translated_error": "Traceback (most recent call last):\n  File \"C:\\Users\\Asus\\OneDrive\\Desktop\\project\\testbed\\translated\\hybrid\\program_1.py\", line 3, in <module>\n    num1 = int(input(\"Enter the first number: \"))\nValueError: invalid literal for int() with base 10: '-103622 67510'"
            },
            {
                "input": "-605802 -202466",
                "expected_output": "Enter the first number: Enter the second number: The sum is: -808268",
                "expected_error": "",
                "translated_output": "Enter the first number:",
                "translated_error": "Traceback (most recent call last):\n  File \"C:\\Users\\Asus\\OneDrive\\Desktop\\project\\testbed\\translated\\hybrid\\program_1.py\", line 3, in <module>\n    num1 = int(input(\"Enter the first number: \"))\nValueError: invalid literal for int() with base 10: '-605802 -202466'"
            }
        ],
        "program_10": [
            {
                "input": "abc 1234",
                "expected_output": "Enter a string: Enter the character to count:",
                "expected_error": "Exception in thread \"main\" java.util.NoSuchElementException: No line found\n\tat java.base/java.util.Scanner.nextLine(Scanner.java:1690)\n\tat CharacterCounter.main(CharacterCounter.java:10)",
                "translated_output": "Enter a string: Enter the character to count:",
                "translated_error": "Traceback (most recent call last):\n  File \"C:\\Users\\Asus\\OneDrive\\Desktop\\project\\testbed\\translated\\hybrid\\program_10.py\", line 15, in <module>\n    main()\n  File \"C:\\Users\\Asus\\OneDrive\\Desktop\\project\\testbed\\translated\\hybrid\\program_10.py\", line 5, in main\n    targetChar = input(\"Enter the character to count: \")\nEOFError: EOF when reading a line"
            },
            {
                "input": "xxxxxxxxxxxxxxxxxxxxxxxxxxxxxxxxxxxxxxxxxxxxxxxxxxxxxxxxxxxxxxxxxxxxxxxxxxxxxxxxxxxxxxxxxxxxxxxxxxxx",
                "expected_output": "Enter a string: Enter the character to count:",
                "expected_error": "Exception in thread \"main\" java.util.NoSuchElementException: No line found\n\tat java.base/java.util.Scanner.nextLine(Scanner.java:1690)\n\tat CharacterCounter.main(CharacterCounter.java:10)",
                "translated_output": "Enter a string: Enter the character to count:",
                "translated_error": "Traceback (most recent call last):\n  File \"C:\\Users\\Asus\\OneDrive\\Desktop\\project\\testbed\\translated\\hybrid\\program_10.py\", line 15, in <module>\n    main()\n  File \"C:\\Users\\Asus\\OneDrive\\Desktop\\project\\testbed\\translated\\hybrid\\program_10.py\", line 5, in main\n    targetChar = input(\"Enter the character to count: \")\nEOFError: EOF when reading a line"
            },
            {
                "input": "a",
                "expected_output": "Enter a string: Enter the character to count:",
                "expected_error": "Exception in thread \"main\" java.util.NoSuchElementException: No line found\n\tat java.base/java.util.Scanner.nextLine(Scanner.java:1690)\n\tat CharacterCounter.main(CharacterCounter.java:10)",
                "translated_output": "Enter a string: Enter the character to count:",
                "translated_error": "Traceback (most recent call last):\n  File \"C:\\Users\\Asus\\OneDrive\\Desktop\\project\\testbed\\translated\\hybrid\\program_10.py\", line 15, in <module>\n    main()\n  File \"C:\\Users\\Asus\\OneDrive\\Desktop\\project\\testbed\\translated\\hybrid\\program_10.py\", line 5, in main\n    targetChar = input(\"Enter the character to count: \")\nEOFError: EOF when reading a line"
            },
            {
                "input": "xxxxxxxxxxxxxxxxxxxxxxxxxxxxxxxxxxxxxxxxxxxxxxxxxxxxxxxxxxxxxxxxxxxxxxxxxxxxxxxxxxxxxxxxxxxxxxxxxxxx a",
                "expected_output": "Enter a string: Enter the character to count:",
                "expected_error": "Exception in thread \"main\" java.util.NoSuchElementException: No line found\n\tat java.base/java.util.Scanner.nextLine(Scanner.java:1690)\n\tat CharacterCounter.main(CharacterCounter.java:10)",
                "translated_output": "Enter a string: Enter the character to count:",
                "translated_error": "Traceback (most recent call last):\n  File \"C:\\Users\\Asus\\OneDrive\\Desktop\\project\\testbed\\translated\\hybrid\\program_10.py\", line 15, in <module>\n    main()\n  File \"C:\\Users\\Asus\\OneDrive\\Desktop\\project\\testbed\\translated\\hybrid\\program_10.py\", line 5, in main\n    targetChar = input(\"Enter the character to count: \")\nEOFError: EOF when reading a line"
            },
            {
                "input": "xxxxxxxxxxxxxxxxxxxxxxxxxxxxxxxxxxxxxxxxxxxxxxxxxxxxxxxxxxxxxxxxxxxxxxxxxxxxxxxxxxxxxxxxxxxxxxxxxxxx xxxxxxxxxxxxxxxxxxxxxxxxxxxxxxxxxxxxxxxxxxxxxxxxxxxxxxxxxxxxxxxxxxxxxxxxxxxxxxxxxxxxxxxxxxxxxxxxxxxx",
                "expected_output": "Enter a string: Enter the character to count:",
                "expected_error": "Exception in thread \"main\" java.util.NoSuchElementException: No line found\n\tat java.base/java.util.Scanner.nextLine(Scanner.java:1690)\n\tat CharacterCounter.main(CharacterCounter.java:10)",
                "translated_output": "Enter a string: Enter the character to count:",
                "translated_error": "Traceback (most recent call last):\n  File \"C:\\Users\\Asus\\OneDrive\\Desktop\\project\\testbed\\translated\\hybrid\\program_10.py\", line 15, in <module>\n    main()\n  File \"C:\\Users\\Asus\\OneDrive\\Desktop\\project\\testbed\\translated\\hybrid\\program_10.py\", line 5, in main\n    targetChar = input(\"Enter the character to count: \")\nEOFError: EOF when reading a line"
            },
            {
                "input": "str3615 str4740",
                "expected_output": "Enter a string: Enter the character to count:",
                "expected_error": "Exception in thread \"main\" java.util.NoSuchElementException: No line found\n\tat java.base/java.util.Scanner.nextLine(Scanner.java:1690)\n\tat CharacterCounter.main(CharacterCounter.java:10)",
                "translated_output": "Enter a string: Enter the character to count:",
                "translated_error": "Traceback (most recent call last):\n  File \"C:\\Users\\Asus\\OneDrive\\Desktop\\project\\testbed\\translated\\hybrid\\program_10.py\", line 15, in <module>\n    main()\n  File \"C:\\Users\\Asus\\OneDrive\\Desktop\\project\\testbed\\translated\\hybrid\\program_10.py\", line 5, in main\n    targetChar = input(\"Enter the character to count: \")\nEOFError: EOF when reading a line"
            },
            {
                "input": "str1122 str4142",
                "expected_output": "Enter a string: Enter the character to count:",
                "expected_error": "Exception in thread \"main\" java.util.NoSuchElementException: No line found\n\tat java.base/java.util.Scanner.nextLine(Scanner.java:1690)\n\tat CharacterCounter.main(CharacterCounter.java:10)",
                "translated_output": "Enter a string: Enter the character to count:",
                "translated_error": "Traceback (most recent call last):\n  File \"C:\\Users\\Asus\\OneDrive\\Desktop\\project\\testbed\\translated\\hybrid\\program_10.py\", line 15, in <module>\n    main()\n  File \"C:\\Users\\Asus\\OneDrive\\Desktop\\project\\testbed\\translated\\hybrid\\program_10.py\", line 5, in main\n    targetChar = input(\"Enter the character to count: \")\nEOFError: EOF when reading a line"
            },
            {
                "input": "str2509 str6593",
                "expected_output": "Enter a string: Enter the character to count:",
                "expected_error": "Exception in thread \"main\" java.util.NoSuchElementException: No line found\n\tat java.base/java.util.Scanner.nextLine(Scanner.java:1690)\n\tat CharacterCounter.main(CharacterCounter.java:10)",
                "translated_output": "Enter a string: Enter the character to count:",
                "translated_error": "Traceback (most recent call last):\n  File \"C:\\Users\\Asus\\OneDrive\\Desktop\\project\\testbed\\translated\\hybrid\\program_10.py\", line 15, in <module>\n    main()\n  File \"C:\\Users\\Asus\\OneDrive\\Desktop\\project\\testbed\\translated\\hybrid\\program_10.py\", line 5, in main\n    targetChar = input(\"Enter the character to count: \")\nEOFError: EOF when reading a line"
            },
            {
                "input": "str3887 str7907",
                "expected_output": "Enter a string: Enter the character to count:",
                "expected_error": "Exception in thread \"main\" java.util.NoSuchElementException: No line found\n\tat java.base/java.util.Scanner.nextLine(Scanner.java:1690)\n\tat CharacterCounter.main(CharacterCounter.java:10)",
                "translated_output": "Enter a string: Enter the character to count:",
                "translated_error": "Traceback (most recent call last):\n  File \"C:\\Users\\Asus\\OneDrive\\Desktop\\project\\testbed\\translated\\hybrid\\program_10.py\", line 15, in <module>\n    main()\n  File \"C:\\Users\\Asus\\OneDrive\\Desktop\\project\\testbed\\translated\\hybrid\\program_10.py\", line 5, in main\n    targetChar = input(\"Enter the character to count: \")\nEOFError: EOF when reading a line"
            },
            {
                "input": "str5303 str4651",
                "expected_output": "Enter a string: Enter the character to count:",
                "expected_error": "Exception in thread \"main\" java.util.NoSuchElementException: No line found\n\tat java.base/java.util.Scanner.nextLine(Scanner.java:1690)\n\tat CharacterCounter.main(CharacterCounter.java:10)",
                "translated_output": "Enter a string: Enter the character to count:",
                "translated_error": "Traceback (most recent call last):\n  File \"C:\\Users\\Asus\\OneDrive\\Desktop\\project\\testbed\\translated\\hybrid\\program_10.py\", line 15, in <module>\n    main()\n  File \"C:\\Users\\Asus\\OneDrive\\Desktop\\project\\testbed\\translated\\hybrid\\program_10.py\", line 5, in main\n    targetChar = input(\"Enter the character to count: \")\nEOFError: EOF when reading a line"
            }
        ],
        "program_2": [
            {
                "input": "1",
                "expected_output": "Enter an integer: 1 is an ODD number.",
                "expected_error": "",
                "translated_output": "Enter an integer: 1 is an ODD number.",
                "translated_error": ""
            },
            {
                "input": "-1000000000",
                "expected_output": "Enter an integer: -1000000000 is an EVEN number.",
                "expected_error": "",
                "translated_output": "Enter an integer: -1000000000 is an EVEN number.",
                "translated_error": ""
            },
            {
                "input": "-1000000000",
                "expected_output": "Enter an integer: -1000000000 is an EVEN number.",
                "expected_error": "",
                "translated_output": "Enter an integer: -1000000000 is an EVEN number.",
                "translated_error": ""
            },
            {
                "input": "-1",
                "expected_output": "Enter an integer: -1 is an ODD number.",
                "expected_error": "",
                "translated_output": "Enter an integer: -1 is an ODD number.",
                "translated_error": ""
            },
            {
                "input": "1000000000",
                "expected_output": "Enter an integer: 1000000000 is an EVEN number.",
                "expected_error": "",
                "translated_output": "Enter an integer: 1000000000 is an EVEN number.",
                "translated_error": ""
            },
            {
                "input": "-12646",
                "expected_output": "Enter an integer: -12646 is an EVEN number.",
                "expected_error": "",
                "translated_output": "Enter an integer: -12646 is an EVEN number.",
                "translated_error": ""
            },
            {
                "input": "327348",
                "expected_output": "Enter an integer: 327348 is an EVEN number.",
                "expected_error": "",
                "translated_output": "Enter an integer: 327348 is an EVEN number.",
                "translated_error": ""
            },
            {
                "input": "-12424",
                "expected_output": "Enter an integer: -12424 is an EVEN number.",
                "expected_error": "",
                "translated_output": "Enter an integer: -12424 is an EVEN number.",
                "translated_error": ""
            },
            {
                "input": "907686",
                "expected_output": "Enter an integer: 907686 is an EVEN number.",
                "expected_error": "",
                "translated_output": "Enter an integer: 907686 is an EVEN number.",
                "translated_error": ""
            },
            {
                "input": "-299168",
                "expected_output": "Enter an integer: -299168 is an EVEN number.",
                "expected_error": "",
                "translated_output": "Enter an integer: -299168 is an EVEN number.",
                "translated_error": ""
            }
        ],
        "program_3": [
            {
                "input": "-1000000000.0",
                "expected_output": "Enter the radius of the circle: The area of the circle is: 3.1415926535897933E18",
                "expected_error": "",
                "translated_output": "Enter the radius of the circle:",
                "translated_error": "Traceback (most recent call last):\n  File \"C:\\Users\\Asus\\OneDrive\\Desktop\\project\\testbed\\translated\\hybrid\\program_3.py\", line 5, in <module>\n    print(\"The area of the circle is: \" + area)\nTypeError: can only concatenate str (not \"float\") to str"
            },
            {
                "input": "1000000000.0",
                "expected_output": "Enter the radius of the circle: The area of the circle is: 3.1415926535897933E18",
                "expected_error": "",
                "translated_output": "Enter the radius of the circle:",
                "translated_error": "Traceback (most recent call last):\n  File \"C:\\Users\\Asus\\OneDrive\\Desktop\\project\\testbed\\translated\\hybrid\\program_3.py\", line 5, in <module>\n    print(\"The area of the circle is: \" + area)\nTypeError: can only concatenate str (not \"float\") to str"
            },
            {
                "input": "-1.0",
                "expected_output": "Enter the radius of the circle: The area of the circle is: 3.141592653589793",
                "expected_error": "",
                "translated_output": "Enter the radius of the circle:",
                "translated_error": "Traceback (most recent call last):\n  File \"C:\\Users\\Asus\\OneDrive\\Desktop\\project\\testbed\\translated\\hybrid\\program_3.py\", line 5, in <module>\n    print(\"The area of the circle is: \" + area)\nTypeError: can only concatenate str (not \"float\") to str"
            },
            {
                "input": "0.0",
                "expected_output": "Enter the radius of the circle: The area of the circle is: 0.0",
                "expected_error": "",
                "translated_output": "Enter the radius of the circle:",
                "translated_error": "Traceback (most recent call last):\n  File \"C:\\Users\\Asus\\OneDrive\\Desktop\\project\\testbed\\translated\\hybrid\\program_3.py\", line 5, in <module>\n    print(\"The area of the circle is: \" + area)\nTypeError: can only concatenate str (not \"float\") to str"
            },
            {
                "input": "-1000000000.0",
                "expected_output": "Enter the radius of the circle: The area of the circle is: 3.1415926535897933E18",
                "expected_error": "",
                "translated_output": "Enter the radius of the circle:",
                "translated_error": "Traceback (most recent call last):\n  File \"C:\\Users\\Asus\\OneDrive\\Desktop\\project\\testbed\\translated\\hybrid\\program_3.py\", line 5, in <module>\n    print(\"The area of the circle is: \" + area)\nTypeError: can only concatenate str (not \"float\") to str"
            },
            {
                "input": "161414.7552",
                "expected_output": "Enter the radius of the circle: The area of the circle is: 8.185332698473604E10",
                "expected_error": "",
                "translated_output": "Enter the radius of the circle:",
                "translated_error": "Traceback (most recent call last):\n  File \"C:\\Users\\Asus\\OneDrive\\Desktop\\project\\testbed\\translated\\hybrid\\program_3.py\", line 5, in <module>\n    print(\"The area of the circle is: \" + area)\nTypeError: can only concatenate str (not \"float\") to str"
            },
            {
                "input": "-44084.0149",
                "expected_output": "Enter the radius of the circle: The area of the circle is: 6.105372324443959E9",
                "expected_error": "",
                "translated_output": "Enter the radius of the circle:",
                "translated_error": "Traceback (most recent call last):\n  File \"C:\\Users\\Asus\\OneDrive\\Desktop\\project\\testbed\\translated\\hybrid\\program_3.py\", line 5, in <module>\n    print(\"The area of the circle is: \" + area)\nTypeError: can only concatenate str (not \"float\") to str"
            },
            {
                "input": "762011.8528",
                "expected_output": "Enter the radius of the circle: The area of the circle is: 1.824203673876523E12",
                "expected_error": "",
                "translated_output": "Enter the radius of the circle:",
                "translated_error": "Traceback (most recent call last):\n  File \"C:\\Users\\Asus\\OneDrive\\Desktop\\project\\testbed\\translated\\hybrid\\program_3.py\", line 5, in <module>\n    print(\"The area of the circle is: \" + area)\nTypeError: can only concatenate str (not \"float\") to str"
            },
            {
                "input": "-278715.0089",
                "expected_output": "Enter the radius of the circle: The area of the circle is: 2.440453770300864E11",
                "expected_error": "",
                "translated_output": "Enter the radius of the circle:",
                "translated_error": "Traceback (most recent call last):\n  File \"C:\\Users\\Asus\\OneDrive\\Desktop\\project\\testbed\\translated\\hybrid\\program_3.py\", line 5, in <module>\n    print(\"The area of the circle is: \" + area)\nTypeError: can only concatenate str (not \"float\") to str"
            },
            {
                "input": "-216182.6964",
                "expected_output": "Enter the radius of the circle: The area of the circle is: 1.4682220141849448E11",
                "expected_error": "",
                "translated_output": "Enter the radius of the circle:",
                "translated_error": "Traceback (most recent call last):\n  File \"C:\\Users\\Asus\\OneDrive\\Desktop\\project\\testbed\\translated\\hybrid\\program_3.py\", line 5, in <module>\n    print(\"The area of the circle is: \" + area)\nTypeError: can only concatenate str (not \"float\") to str"
            }
        ],
        "program_4": [
            {
                "input": "-1000000000.0 1000000000.0 -1000000000.0",
                "expected_output": "Enter Principal amount: Enter Rate of interest: Enter Time (in years): Simple Interest is: 1.0E25",
                "expected_error": "",
                "translated_output": "Enter Principal amount:",
                "translated_error": "Traceback (most recent call last):\n  File \"C:\\Users\\Asus\\OneDrive\\Desktop\\project\\testbed\\translated\\hybrid\\program_4.py\", line 3, in <module>\n    principal = float(input(\"Enter Principal amount: \"))\nValueError: could not convert string to float: '-1000000000.0 1000000000.0 -1000000000.0'"
            },
            {
                "input": "1.0 -1000000000.0 1.0",
                "expected_output": "Enter Principal amount: Enter Rate of interest: Enter Time (in years): Simple Interest is: -1.0E7",
                "expected_error": "",
                "translated_output": "Enter Principal amount:",
                "translated_error": "Traceback (most recent call last):\n  File \"C:\\Users\\Asus\\OneDrive\\Desktop\\project\\testbed\\translated\\hybrid\\program_4.py\", line 3, in <module>\n    principal = float(input(\"Enter Principal amount: \"))\nValueError: could not convert string to float: '1.0 -1000000000.0 1.0'"
            },
            {
                "input": "1.0 0.0 1000000000.0",
                "expected_output": "Enter Principal amount: Enter Rate of interest: Enter Time (in years): Simple Interest is: 0.0",
                "expected_error": "",
                "translated_output": "Enter Principal amount:",
                "translated_error": "Traceback (most recent call last):\n  File \"C:\\Users\\Asus\\OneDrive\\Desktop\\project\\testbed\\translated\\hybrid\\program_4.py\", line 3, in <module>\n    principal = float(input(\"Enter Principal amount: \"))\nValueError: could not convert string to float: '1.0 0.0 1000000000.0'"
            },
            {
                "input": "-1.0 -1000000000.0 -1.0",
                "expected_output": "Enter Principal amount: Enter Rate of interest: Enter Time (in years): Simple Interest is: -1.0E7",
                "expected_error": "",
                "translated_output": "Enter Principal amount:",
                "translated_error": "Traceback (most recent call last):\n  File \"C:\\Users\\Asus\\OneDrive\\Desktop\\project\\testbed\\translated\\hybrid\\program_4.py\", line 3, in <module>\n    principal = float(input(\"Enter Principal amount: \"))\nValueError: could not convert string to float: '-1.0 -1000000000.0 -1.0'"
            },
            {
                "input": "1000000000.0 -1.0 0.0",
                "expected_output": "Enter Principal amount: Enter Rate of interest: Enter Time (in years): Simple Interest is: -0.0",
                "expected_error": "",
                "translated_output": "Enter Principal amount:",
                "translated_error": "Traceback (most recent call last):\n  File \"C:\\Users\\Asus\\OneDrive\\Desktop\\project\\testbed\\translated\\hybrid\\program_4.py\", line 3, in <module>\n    principal = float(input(\"Enter Principal amount: \"))\nValueError: could not convert string to float: '1000000000.0 -1.0 0.0'"
            },
            {
                "input": "519802.5768 180059.2521 -465722.993",
                "expected_output": "Enter Principal amount: Enter Rate of interest: Enter Time (in years): Simple Interest is: -4.358946611663124E14",
                "expected_error": "",
                "translated_output": "Enter Principal amount:",
                "translated_error": "Traceback (most recent call last):\n  File \"C:\\Users\\Asus\\OneDrive\\Desktop\\project\\testbed\\translated\\hybrid\\program_4.py\", line 3, in <module>\n    principal = float(input(\"Enter Principal amount: \"))\nValueError: could not convert string to float: '519802.5768 180059.2521 -465722.993'"
            },
            {
                "input": "669800.5766 -42630.9331 616746.7067",
                "expected_output": "Enter Principal amount: Enter Rate of interest: Enter Time (in years): Simple Interest is: -1.7610723350021678E14",
                "expected_error": "",
                "translated_output": "Enter Principal amount:",
                "translated_error": "Traceback (most recent call last):\n  File \"C:\\Users\\Asus\\OneDrive\\Desktop\\project\\testbed\\translated\\hybrid\\program_4.py\", line 3, in <module>\n    principal = float(input(\"Enter Principal amount: \"))\nValueError: could not convert string to float: '669800.5766 -42630.9331 616746.7067'"
            },
            {
                "input": "-527614.344 -671601.8822 -837396.7854",
                "expected_output": "Enter Principal amount: Enter Rate of interest: Enter Time (in years): Simple Interest is: -2.967288599370436E15",
                "expected_error": "",
                "translated_output": "Enter Principal amount:",
                "translated_error": "Traceback (most recent call last):\n  File \"C:\\Users\\Asus\\OneDrive\\Desktop\\project\\testbed\\translated\\hybrid\\program_4.py\", line 3, in <module>\n    principal = float(input(\"Enter Principal amount: \"))\nValueError: could not convert string to float: '-527614.344 -671601.8822 -837396.7854'"
            },
            {
                "input": "-892286.8852 -991778.3858 243108.6044",
                "expected_output": "Enter Principal amount: Enter Rate of interest: Enter Time (in years): Simple Interest is: 2.1513916529755488E15",
                "expected_error": "",
                "translated_output": "Enter Principal amount:",
                "translated_error": "Traceback (most recent call last):\n  File \"C:\\Users\\Asus\\OneDrive\\Desktop\\project\\testbed\\translated\\hybrid\\program_4.py\", line 3, in <module>\n    principal = float(input(\"Enter Principal amount: \"))\nValueError: could not convert string to float: '-892286.8852 -991778.3858 243108.6044'"
            },
            {
                "input": "-960486.744 -707214.0902 -888419.777",
                "expected_output": "Enter Principal amount: Enter Rate of interest: Enter Time (in years): Simple Interest is: -6.034766876422656E15",
                "expected_error": "",
                "translated_output": "Enter Principal amount:",
                "translated_error": "Traceback (most recent call last):\n  File \"C:\\Users\\Asus\\OneDrive\\Desktop\\project\\testbed\\translated\\hybrid\\program_4.py\", line 3, in <module>\n    principal = float(input(\"Enter Principal amount: \"))\nValueError: could not convert string to float: '-960486.744 -707214.0902 -888419.777'"
            }
        ],
        "program_5": [
            {
                "input": "",
                "expected_output": "Enter a word or phrase: '' is a Palindrome.",
                "expected_error": "",
                "translated_output": "Enter a word or phrase: '' is a Palindrome.",
                "translated_error": ""
            },
            {
                "input": "1234",
                "expected_output": "Enter a word or phrase: '1234' is NOT a Palindrome.",
                "expected_error": "",
                "translated_output": "Enter a word or phrase: '1234' is NOT a Palindrome.",
                "translated_error": ""
            },
            {
                "input": "1234",
                "expected_output": "Enter a word or phrase: '1234' is NOT a Palindrome.",
                "expected_error": "",
                "translated_output": "Enter a word or phrase: '1234' is NOT a Palindrome.",
                "translated_error": ""
            },
            {
                "input": "abc",
                "expected_output": "Enter a word or phrase: 'abc' is NOT a Palindrome.",
                "expected_error": "",
                "translated_output": "Enter a word or phrase: 'abc' is NOT a Palindrome.",
                "translated_error": ""
            },
            {
                "input": "xxxxxxxxxxxxxxxxxxxxxxxxxxxxxxxxxxxxxxxxxxxxxxxxxxxxxxxxxxxxxxxxxxxxxxxxxxxxxxxxxxxxxxxxxxxxxxxxxxxx",
                "expected_output": "Enter a word or phrase: 'xxxxxxxxxxxxxxxxxxxxxxxxxxxxxxxxxxxxxxxxxxxxxxxxxxxxxxxxxxxxxxxxxxxxxxxxxxxxxxxxxxxxxxxxxxxxxxxxxxxx' is a Palindrome.",
                "expected_error": "",
                "translated_output": "Enter a word or phrase: 'xxxxxxxxxxxxxxxxxxxxxxxxxxxxxxxxxxxxxxxxxxxxxxxxxxxxxxxxxxxxxxxxxxxxxxxxxxxxxxxxxxxxxxxxxxxxxxxxxxxx' is a Palindrome.",
                "translated_error": ""
            },
            {
                "input": "str8753",
                "expected_output": "Enter a word or phrase: 'str8753' is NOT a Palindrome.",
                "expected_error": "",
                "translated_output": "Enter a word or phrase: 'str8753' is NOT a Palindrome.",
                "translated_error": ""
            },
            {
                "input": "str9779",
                "expected_output": "Enter a word or phrase: 'str9779' is NOT a Palindrome.",
                "expected_error": "",
                "translated_output": "Enter a word or phrase: 'str9779' is NOT a Palindrome.",
                "translated_error": ""
            },
            {
                "input": "str7275",
                "expected_output": "Enter a word or phrase: 'str7275' is NOT a Palindrome.",
                "expected_error": "",
                "translated_output": "Enter a word or phrase: 'str7275' is NOT a Palindrome.",
                "translated_error": ""
            },
            {
                "input": "str2794",
                "expected_output": "Enter a word or phrase: 'str2794' is NOT a Palindrome.",
                "expected_error": "",
                "translated_output": "Enter a word or phrase: 'str2794' is NOT a Palindrome.",
                "translated_error": ""
            },
            {
                "input": "str7239",
                "expected_output": "Enter a word or phrase: 'str7239' is NOT a Palindrome.",
                "expected_error": "",
                "translated_output": "Enter a word or phrase: 'str7239' is NOT a Palindrome.",
                "translated_error": ""
            }
        ],
        "program_6": [
            {
                "input": "1",
                "expected_output": "Enter an integer to see its multiplication table: --- Table of 1 ---\n1 x 1 = 1\n1 x 2 = 2\n1 x 3 = 3\n1 x 4 = 4\n1 x 5 = 5\n1 x 6 = 6\n1 x 7 = 7\n1 x 8 = 8\n1 x 9 = 9\n1 x 10 = 10",
                "expected_error": "",
                "translated_output": "Enter an integer to see its multiplication table:",
                "translated_error": "Traceback (most recent call last):\n  File \"C:\\Users\\Asus\\OneDrive\\Desktop\\project\\testbed\\translated\\hybrid\\program_6.py\", line 5, in <module>\n    print(\"--- Table of \" + N + \" ---\")\nTypeError: can only concatenate str (not \"int\") to str"
            },
            {
                "input": "1000000000",
                "expected_output": "Enter an integer to see its multiplication table: --- Table of 1000000000 ---\n1000000000 x 1 = 1000000000\n1000000000 x 2 = 2000000000\n1000000000 x 3 = -1294967296\n1000000000 x 4 = -294967296\n1000000000 x 5 = 705032704\n1000000000 x 6 = 1705032704\n1000000000 x 7 = -1589934592\n1000000000 x 8 = -589934592\n1000000000 x 9 = 410065408\n1000000000 x 10 = 1410065408",
                "expected_error": "",
                "translated_output": "Enter an integer to see its multiplication table:",
                "translated_error": "Traceback (most recent call last):\n  File \"C:\\Users\\Asus\\OneDrive\\Desktop\\project\\testbed\\translated\\hybrid\\program_6.py\", line 5, in <module>\n    print(\"--- Table of \" + N + \" ---\")\nTypeError: can only concatenate str (not \"int\") to str"
            },
            {
                "input": "0",
                "expected_output": "Enter an integer to see its multiplication table: --- Table of 0 ---\n0 x 1 = 0\n0 x 2 = 0\n0 x 3 = 0\n0 x 4 = 0\n0 x 5 = 0\n0 x 6 = 0\n0 x 7 = 0\n0 x 8 = 0\n0 x 9 = 0\n0 x 10 = 0",
                "expected_error": "",
                "translated_output": "Enter an integer to see its multiplication table:",
                "translated_error": "Traceback (most recent call last):\n  File \"C:\\Users\\Asus\\OneDrive\\Desktop\\project\\testbed\\translated\\hybrid\\program_6.py\", line 5, in <module>\n    print(\"--- Table of \" + N + \" ---\")\nTypeError: can only concatenate str (not \"int\") to str"
            },
            {
                "input": "0",
                "expected_output": "Enter an integer to see its multiplication table: --- Table of 0 ---\n0 x 1 = 0\n0 x 2 = 0\n0 x 3 = 0\n0 x 4 = 0\n0 x 5 = 0\n0 x 6 = 0\n0 x 7 = 0\n0 x 8 = 0\n0 x 9 = 0\n0 x 10 = 0",
                "expected_error": "",
                "translated_output": "Enter an integer to see its multiplication table:",
                "translated_error": "Traceback (most recent call last):\n  File \"C:\\Users\\Asus\\OneDrive\\Desktop\\project\\testbed\\translated\\hybrid\\program_6.py\", line 5, in <module>\n    print(\"--- Table of \" + N + \" ---\")\nTypeError: can only concatenate str (not \"int\") to str"
            },
            {
                "input": "-1",
                "expected_output": "Enter an integer to see its multiplication table: --- Table of -1 ---\n-1 x 1 = -1\n-1 x 2 = -2\n-1 x 3 = -3\n-1 x 4 = -4\n-1 x 5 = -5\n-1 x 6 = -6\n-1 x 7 = -7\n-1 x 8 = -8\n-1 x 9 = -9\n-1 x 10 = -10",
                "expected_error": "",
                "translated_output": "Enter an integer to see its multiplication table:",
                "translated_error": "Traceback (most recent call last):\n  File \"C:\\Users\\Asus\\OneDrive\\Desktop\\project\\testbed\\translated\\hybrid\\program_6.py\", line 5, in <module>\n    print(\"--- Table of \" + N + \" ---\")\nTypeError: can only concatenate str (not \"int\") to str"
            },
            {
                "input": "-315361",
                "expected_output": "Enter an integer to see its multiplication table: --- Table of -315361 ---\n-315361 x 1 = -315361\n-315361 x 2 = -630722\n-315361 x 3 = -946083\n-315361 x 4 = -1261444\n-315361 x 5 = -1576805\n-315361 x 6 = -1892166\n-315361 x 7 = -2207527\n-315361 x 8 = -2522888\n-315361 x 9 = -2838249\n-315361 x 10 = -3153610",
                "expected_error": "",
                "translated_output": "Enter an integer to see its multiplication table:",
                "translated_error": "Traceback (most recent call last):\n  File \"C:\\Users\\Asus\\OneDrive\\Desktop\\project\\testbed\\translated\\hybrid\\program_6.py\", line 5, in <module>\n    print(\"--- Table of \" + N + \" ---\")\nTypeError: can only concatenate str (not \"int\") to str"
            },
            {
                "input": "-465562",
                "expected_output": "Enter an integer to see its multiplication table: --- Table of -465562 ---\n-465562 x 1 = -465562\n-465562 x 2 = -931124\n-465562 x 3 = -1396686\n-465562 x 4 = -1862248\n-465562 x 5 = -2327810\n-465562 x 6 = -2793372\n-465562 x 7 = -3258934\n-465562 x 8 = -3724496\n-465562 x 9 = -4190058\n-465562 x 10 = -4655620",
                "expected_error": "",
                "translated_output": "Enter an integer to see its multiplication table:",
                "translated_error": "Traceback (most recent call last):\n  File \"C:\\Users\\Asus\\OneDrive\\Desktop\\project\\testbed\\translated\\hybrid\\program_6.py\", line 5, in <module>\n    print(\"--- Table of \" + N + \" ---\")\nTypeError: can only concatenate str (not \"int\") to str"
            },
            {
                "input": "-918905",
                "expected_output": "Enter an integer to see its multiplication table: --- Table of -918905 ---\n-918905 x 1 = -918905\n-918905 x 2 = -1837810\n-918905 x 3 = -2756715\n-918905 x 4 = -3675620\n-918905 x 5 = -4594525\n-918905 x 6 = -5513430\n-918905 x 7 = -6432335\n-918905 x 8 = -7351240\n-918905 x 9 = -8270145\n-918905 x 10 = -9189050",
                "expected_error": "",
                "translated_output": "Enter an integer to see its multiplication table:",
                "translated_error": "Traceback (most recent call last):\n  File \"C:\\Users\\Asus\\OneDrive\\Desktop\\project\\testbed\\translated\\hybrid\\program_6.py\", line 5, in <module>\n    print(\"--- Table of \" + N + \" ---\")\nTypeError: can only concatenate str (not \"int\") to str"
            },
            {
                "input": "648956",
                "expected_output": "Enter an integer to see its multiplication table: --- Table of 648956 ---\n648956 x 1 = 648956\n648956 x 2 = 1297912\n648956 x 3 = 1946868\n648956 x 4 = 2595824\n648956 x 5 = 3244780\n648956 x 6 = 3893736\n648956 x 7 = 4542692\n648956 x 8 = 5191648\n648956 x 9 = 5840604\n648956 x 10 = 6489560",
                "expected_error": "",
                "translated_output": "Enter an integer to see its multiplication table:",
                "translated_error": "Traceback (most recent call last):\n  File \"C:\\Users\\Asus\\OneDrive\\Desktop\\project\\testbed\\translated\\hybrid\\program_6.py\", line 5, in <module>\n    print(\"--- Table of \" + N + \" ---\")\nTypeError: can only concatenate str (not \"int\") to str"
            },
            {
                "input": "-447694",
                "expected_output": "Enter an integer to see its multiplication table: --- Table of -447694 ---\n-447694 x 1 = -447694\n-447694 x 2 = -895388\n-447694 x 3 = -1343082\n-447694 x 4 = -1790776\n-447694 x 5 = -2238470\n-447694 x 6 = -2686164\n-447694 x 7 = -3133858\n-447694 x 8 = -3581552\n-447694 x 9 = -4029246\n-447694 x 10 = -4476940",
                "expected_error": "",
                "translated_output": "Enter an integer to see its multiplication table:",
                "translated_error": "Traceback (most recent call last):\n  File \"C:\\Users\\Asus\\OneDrive\\Desktop\\project\\testbed\\translated\\hybrid\\program_6.py\", line 5, in <module>\n    print(\"--- Table of \" + N + \" ---\")\nTypeError: can only concatenate str (not \"int\") to str"
            }
        ],
        "program_7": [
            {
                "input": "-1 -1 -1",
                "expected_output": "Enter first number: Enter second number: Enter third number: The largest number is: -1",
                "expected_error": "",
                "translated_output": "Enter first number:",
                "translated_error": "Traceback (most recent call last):\n  File \"C:\\Users\\Asus\\OneDrive\\Desktop\\project\\testbed\\translated\\hybrid\\program_7.py\", line 3, in <module>\n    a = int(input(\"Enter first number: \"))\nValueError: invalid literal for int() with base 10: '-1 -1 -1'"
            },
            {
                "input": "1 1 1000000000",
                "expected_output": "Enter first number: Enter second number: Enter third number: The largest number is: 1000000000",
                "expected_error": "",
                "translated_output": "Enter first number:",
                "translated_error": "Traceback (most recent call last):\n  File \"C:\\Users\\Asus\\OneDrive\\Desktop\\project\\testbed\\translated\\hybrid\\program_7.py\", line 3, in <module>\n    a = int(input(\"Enter first number: \"))\nValueError: invalid literal for int() with base 10: '1 1 1000000000'"
            },
            {
                "input": "-1 0 -1000000000",
                "expected_output": "Enter first number: Enter second number: Enter third number: The largest number is: 0",
                "expected_error": "",
                "translated_output": "Enter first number:",
                "translated_error": "Traceback (most recent call last):\n  File \"C:\\Users\\Asus\\OneDrive\\Desktop\\project\\testbed\\translated\\hybrid\\program_7.py\", line 3, in <module>\n    a = int(input(\"Enter first number: \"))\nValueError: invalid literal for int() with base 10: '-1 0 -1000000000'"
            },
            {
                "input": "1 1 -1",
                "expected_output": "Enter first number: Enter second number: Enter third number: The largest number is: 1",
                "expected_error": "",
                "translated_output": "Enter first number:",
                "translated_error": "Traceback (most recent call last):\n  File \"C:\\Users\\Asus\\OneDrive\\Desktop\\project\\testbed\\translated\\hybrid\\program_7.py\", line 3, in <module>\n    a = int(input(\"Enter first number: \"))\nValueError: invalid literal for int() with base 10: '1 1 -1'"
            },
            {
                "input": "-1 0 -1",
                "expected_output": "Enter first number: Enter second number: Enter third number: The largest number is: 0",
                "expected_error": "",
                "translated_output": "Enter first number:",
                "translated_error": "Traceback (most recent call last):\n  File \"C:\\Users\\Asus\\OneDrive\\Desktop\\project\\testbed\\translated\\hybrid\\program_7.py\", line 3, in <module>\n    a = int(input(\"Enter first number: \"))\nValueError: invalid literal for int() with base 10: '-1 0 -1'"
            },
            {
                "input": "-208614 -704366 157828",
                "expected_output": "Enter first number: Enter second number: Enter third number: The largest number is: 157828",
                "expected_error": "",
                "translated_output": "Enter first number:",
                "translated_error": "Traceback (most recent call last):\n  File \"C:\\Users\\Asus\\OneDrive\\Desktop\\project\\testbed\\translated\\hybrid\\program_7.py\", line 3, in <module>\n    a = int(input(\"Enter first number: \"))\nValueError: invalid literal for int() with base 10: '-208614 -704366 157828'"
            },
            {
                "input": "42850 667850 977829",
                "expected_output": "Enter first number: Enter second number: Enter third number: The largest number is: 977829",
                "expected_error": "",
                "translated_output": "Enter first number:",
                "translated_error": "Traceback (most recent call last):\n  File \"C:\\Users\\Asus\\OneDrive\\Desktop\\project\\testbed\\translated\\hybrid\\program_7.py\", line 3, in <module>\n    a = int(input(\"Enter first number: \"))\nValueError: invalid literal for int() with base 10: '42850 667850 977829'"
            },
            {
                "input": "-261317 -150592 -474573",
                "expected_output": "Enter first number: Enter second number: Enter third number: The largest number is: -150592",
                "expected_error": "",
                "translated_output": "Enter first number:",
                "translated_error": "Traceback (most recent call last):\n  File \"C:\\Users\\Asus\\OneDrive\\Desktop\\project\\testbed\\translated\\hybrid\\program_7.py\", line 3, in <module>\n    a = int(input(\"Enter first number: \"))\nValueError: invalid literal for int() with base 10: '-261317 -150592 -474573'"
            },
            {
                "input": "110165 900647 224019",
                "expected_output": "Enter first number: Enter second number: Enter third number: The largest number is: 900647",
                "expected_error": "",
                "translated_output": "Enter first number:",
                "translated_error": "Traceback (most recent call last):\n  File \"C:\\Users\\Asus\\OneDrive\\Desktop\\project\\testbed\\translated\\hybrid\\program_7.py\", line 3, in <module>\n    a = int(input(\"Enter first number: \"))\nValueError: invalid literal for int() with base 10: '110165 900647 224019'"
            },
            {
                "input": "-369693 703523 -556937",
                "expected_output": "Enter first number: Enter second number: Enter third number: The largest number is: 703523",
                "expected_error": "",
                "translated_output": "Enter first number:",
                "translated_error": "Traceback (most recent call last):\n  File \"C:\\Users\\Asus\\OneDrive\\Desktop\\project\\testbed\\translated\\hybrid\\program_7.py\", line 3, in <module>\n    a = int(input(\"Enter first number: \"))\nValueError: invalid literal for int() with base 10: '-369693 703523 -556937'"
            }
        ],
        "program_8": [
            {
                "input": "-1.0",
                "expected_output": "Enter temperature in Celsius: -1.0\u00b0C is equal to 30.2\u00b0F",
                "expected_error": "",
                "translated_output": "Enter temperature in Celsius: -1.0 \ufffdC is equal to 30.2 \ufffdF",
                "translated_error": ""
            },
            {
                "input": "1000000000.0",
                "expected_output": "Enter temperature in Celsius: 1.0E9\u00b0C is equal to 1.800000032E9\u00b0F",
                "expected_error": "",
                "translated_output": "Enter temperature in Celsius: 1000000000.0 \ufffdC is equal to 1800000032.0 \ufffdF",
                "translated_error": ""
            },
            {
                "input": "1.0",
                "expected_output": "Enter temperature in Celsius: 1.0\u00b0C is equal to 33.8\u00b0F",
                "expected_error": "",
                "translated_output": "Enter temperature in Celsius: 1.0 \ufffdC is equal to 33.8 \ufffdF",
                "translated_error": ""
            },
            {
                "input": "1.0",
                "expected_output": "Enter temperature in Celsius: 1.0\u00b0C is equal to 33.8\u00b0F",
                "expected_error": "",
                "translated_output": "Enter temperature in Celsius: 1.0 \ufffdC is equal to 33.8 \ufffdF",
                "translated_error": ""
            },
            {
                "input": "1000000000.0",
                "expected_output": "Enter temperature in Celsius: 1.0E9\u00b0C is equal to 1.800000032E9\u00b0F",
                "expected_error": "",
                "translated_output": "Enter temperature in Celsius: 1000000000.0 \ufffdC is equal to 1800000032.0 \ufffdF",
                "translated_error": ""
            },
            {
                "input": "-742556.8088",
                "expected_output": "Enter temperature in Celsius: -742556.8088\u00b0C is equal to -1336570.25584\u00b0F",
                "expected_error": "",
                "translated_output": "Enter temperature in Celsius: -742556.8088 \ufffdC is equal to -1336570.25584 \ufffdF",
                "translated_error": ""
            },
            {
                "input": "-21250.833",
                "expected_output": "Enter temperature in Celsius: -21250.833\u00b0C is equal to -38219.49939999999\u00b0F",
                "expected_error": "",
                "translated_output": "Enter temperature in Celsius: -21250.833 \ufffdC is equal to -38219.49939999999 \ufffdF",
                "translated_error": ""
            },
            {
                "input": "244533.0371",
                "expected_output": "Enter temperature in Celsius: 244533.0371\u00b0C is equal to 440191.46678\u00b0F",
                "expected_error": "",
                "translated_output": "Enter temperature in Celsius: 244533.0371 \ufffdC is equal to 440191.46678 \ufffdF",
                "translated_error": ""
            },
            {
                "input": "-847846.2303",
                "expected_output": "Enter temperature in Celsius: -847846.2303\u00b0C is equal to -1526091.21454\u00b0F",
                "expected_error": "",
                "translated_output": "Enter temperature in Celsius: -847846.2303 \ufffdC is equal to -1526091.21454 \ufffdF",
                "translated_error": ""
            },
            {
                "input": "-225123.4948",
                "expected_output": "Enter temperature in Celsius: -225123.4948\u00b0C is equal to -405190.29063999996\u00b0F",
                "expected_error": "",
                "translated_output": "Enter temperature in Celsius: -225123.4948 \ufffdC is equal to -405190.29063999996 \ufffdF",
                "translated_error": ""
            }
        ],
        "program_9": [
            {
                "input": "-1",
                "expected_output": "Enter a non-negative integer: The factorial of -1 is: 1",
                "expected_error": "",
                "translated_output": "Enter a non-negative integer:",
                "translated_error": "Traceback (most recent call last):\n  File \"C:\\Users\\Asus\\OneDrive\\Desktop\\project\\testbed\\translated\\hybrid\\program_9.py\", line 11, in <module>\n    print(\"The factorial of \" + n + \" is: \" + factorial(n))\nTypeError: can only concatenate str (not \"int\") to str"
            },
            {
                "input": "0",
                "expected_output": "Enter a non-negative integer: The factorial of 0 is: 1",
                "expected_error": "",
                "translated_output": "Enter a non-negative integer:",
                "translated_error": "Traceback (most recent call last):\n  File \"C:\\Users\\Asus\\OneDrive\\Desktop\\project\\testbed\\translated\\hybrid\\program_9.py\", line 11, in <module>\n    print(\"The factorial of \" + n + \" is: \" + factorial(n))\nTypeError: can only concatenate str (not \"int\") to str"
            },
            {
                "input": "-1",
                "expected_output": "Enter a non-negative integer: The factorial of -1 is: 1",
                "expected_error": "",
                "translated_output": "Enter a non-negative integer:",
                "translated_error": "Traceback (most recent call last):\n  File \"C:\\Users\\Asus\\OneDrive\\Desktop\\project\\testbed\\translated\\hybrid\\program_9.py\", line 11, in <module>\n    print(\"The factorial of \" + n + \" is: \" + factorial(n))\nTypeError: can only concatenate str (not \"int\") to str"
            },
            {
                "input": "-1000000000",
                "expected_output": "Enter a non-negative integer: The factorial of -1000000000 is: 1",
                "expected_error": "",
                "translated_output": "Enter a non-negative integer:",
                "translated_error": "Traceback (most recent call last):\n  File \"C:\\Users\\Asus\\OneDrive\\Desktop\\project\\testbed\\translated\\hybrid\\program_9.py\", line 11, in <module>\n    print(\"The factorial of \" + n + \" is: \" + factorial(n))\nTypeError: can only concatenate str (not \"int\") to str"
            },
            {
                "input": "-1",
                "expected_output": "Enter a non-negative integer: The factorial of -1 is: 1",
                "expected_error": "",
                "translated_output": "Enter a non-negative integer:",
                "translated_error": "Traceback (most recent call last):\n  File \"C:\\Users\\Asus\\OneDrive\\Desktop\\project\\testbed\\translated\\hybrid\\program_9.py\", line 11, in <module>\n    print(\"The factorial of \" + n + \" is: \" + factorial(n))\nTypeError: can only concatenate str (not \"int\") to str"
            },
            {
                "input": "-373280",
                "expected_output": "Enter a non-negative integer: The factorial of -373280 is: 1",
                "expected_error": "",
                "translated_output": "Enter a non-negative integer:",
                "translated_error": "Traceback (most recent call last):\n  File \"C:\\Users\\Asus\\OneDrive\\Desktop\\project\\testbed\\translated\\hybrid\\program_9.py\", line 11, in <module>\n    print(\"The factorial of \" + n + \" is: \" + factorial(n))\nTypeError: can only concatenate str (not \"int\") to str"
            },
            {
                "input": "106677",
                "expected_output": "Enter a non-negative integer: The factorial of 106677 is: 0",
                "expected_error": "",
                "translated_output": "Enter a non-negative integer:",
                "translated_error": "Traceback (most recent call last):\n  File \"C:\\Users\\Asus\\OneDrive\\Desktop\\project\\testbed\\translated\\hybrid\\program_9.py\", line 11, in <module>\n    print(\"The factorial of \" + n + \" is: \" + factorial(n))\nTypeError: can only concatenate str (not \"int\") to str"
            },
            {
                "input": "683149",
                "expected_output": "Enter a non-negative integer: The factorial of 683149 is: 0",
                "expected_error": "",
                "translated_output": "Enter a non-negative integer:",
                "translated_error": "Traceback (most recent call last):\n  File \"C:\\Users\\Asus\\OneDrive\\Desktop\\project\\testbed\\translated\\hybrid\\program_9.py\", line 11, in <module>\n    print(\"The factorial of \" + n + \" is: \" + factorial(n))\nTypeError: can only concatenate str (not \"int\") to str"
            },
            {
                "input": "-706820",
                "expected_output": "Enter a non-negative integer: The factorial of -706820 is: 1",
                "expected_error": "",
                "translated_output": "Enter a non-negative integer:",
                "translated_error": "Traceback (most recent call last):\n  File \"C:\\Users\\Asus\\OneDrive\\Desktop\\project\\testbed\\translated\\hybrid\\program_9.py\", line 11, in <module>\n    print(\"The factorial of \" + n + \" is: \" + factorial(n))\nTypeError: can only concatenate str (not \"int\") to str"
            },
            {
                "input": "-650214",
                "expected_output": "Enter a non-negative integer: The factorial of -650214 is: 1",
                "expected_error": "",
                "translated_output": "Enter a non-negative integer:",
                "translated_error": "Traceback (most recent call last):\n  File \"C:\\Users\\Asus\\OneDrive\\Desktop\\project\\testbed\\translated\\hybrid\\program_9.py\", line 11, in <module>\n    print(\"The factorial of \" + n + \" is: \" + factorial(n))\nTypeError: can only concatenate str (not \"int\") to str"
            }
        ]
    }
}